08-04 22:46:00 com_github_MitjaNemec_ReplicateLayout.action_replicate_layout 409:Plugin executed on: 'win32'
08-04 22:46:00 com_github_MitjaNemec_ReplicateLayout.action_replicate_layout 410:Plugin executed with python version: '3.11.5 (main, Jun 15 2025, 06:45:45) [MSC v.1942 64 bit (AMD64)]'
08-04 22:46:00 com_github_MitjaNemec_ReplicateLayout.action_replicate_layout 411:KiCad build version: 9.0.3
08-04 22:46:00 com_github_MitjaNemec_ReplicateLayout.action_replicate_layout 412:Plugin version: 4.0.3
08-04 22:46:00 com_github_MitjaNemec_ReplicateLayout.action_replicate_layout 413:Frame repr: <wx._core.Frame object at 0x000002661071FB50>
08-04 22:46:00 com_github_MitjaNemec_ReplicateLayout.action_replicate_layout 437:Preparing replicator with C16 as a reference
08-04 22:46:00 com_github_MitjaNemec_ReplicateLayout.replicate_layout 117:getting a list of all footprints on board
08-04 22:46:00 com_github_MitjaNemec_ReplicateLayout.action_replicate_layout 485:source anchor footprint is 'C16'
Located on: ['/Gate Driver/']
With filenames: ['Gate Driver.kicad_sch']
With sheet_id:['/Gate Driver/']
08-04 22:46:00 com_github_MitjaNemec_ReplicateLayout.action_replicate_layout 492:Corresponding footprints are 
[('C51', ['/Gate Driver3/']), ('C41', ['/Gate Driver2/']), ('C31', ['/Gate Driver1/']), ('C16', ['/Gate Driver/'])]
08-04 22:46:00 com_github_MitjaNemec_ReplicateLayout.action_replicate_layout 504:Showing dialog
08-04 22:46:00 com_github_MitjaNemec_ReplicateLayout.replicate_layout 472:constructing a list of sheets suitable for replication on level:'/Gate Driver/', file:'Gate Driver.kicad_sch'
08-04 22:46:00 com_github_MitjaNemec_ReplicateLayout.replicate_layout 509:suitable sheets are:[['/Gate Driver1/'], ['/Gate Driver2/'], ['/Gate Driver3/']]
08-04 22:46:00 com_github_MitjaNemec_ReplicateLayout.replicate_layout 1512:Level selected: ['/Gate Driver/']
08-04 22:46:00 com_github_MitjaNemec_ReplicateLayout.replicate_layout 1336:Filtering list of tracks
08-04 22:46:00 com_github_MitjaNemec_ReplicateLayout.action_replicate_layout 510:Toolbar position: wx.Point(1342, 111)
08-04 22:46:00 com_github_MitjaNemec_ReplicateLayout.action_replicate_layout 515:Dialog position: wx.Point(903, 111)
08-04 22:46:02 com_github_MitjaNemec_ReplicateLayout.replicate_layout 472:constructing a list of sheets suitable for replication on level:'/Gate Driver/', file:'Gate Driver.kicad_sch'
08-04 22:46:02 com_github_MitjaNemec_ReplicateLayout.replicate_layout 509:suitable sheets are:[['/Gate Driver1/'], ['/Gate Driver2/'], ['/Gate Driver3/']]
08-04 22:46:02 com_github_MitjaNemec_ReplicateLayout.action_replicate_layout 248:Replicating layout
08-04 22:46:02 com_github_MitjaNemec_ReplicateLayout.replicate_layout 288:Starting replication of sheets: [['/Gate Driver1/'], ['/Gate Driver2/'], ['/Gate Driver3/']]
on level: ['/Gate Driver/']
with tracks=True, zone=True, text=True, text=True, intersecting=False, remove=False, locked footprints=False, group_only=False
08-04 22:46:02 root 340:updating GUI message: 'Preparing for replication'
08-04 22:46:02 root 345:updating GUI with: 0
08-04 22:46:02 com_github_MitjaNemec_ReplicateLayout.replicate_layout 358:Getting the list of source footprints
08-04 22:46:02 com_github_MitjaNemec_ReplicateLayout.replicate_layout 368:Getting the list of all the remaining footprints
08-04 22:46:02 com_github_MitjaNemec_ReplicateLayout.replicate_layout 375:Getting source tracks
08-04 22:46:02 com_github_MitjaNemec_ReplicateLayout.replicate_layout 1336:Filtering list of tracks
08-04 22:46:02 com_github_MitjaNemec_ReplicateLayout.replicate_layout 379:Getting source zones
08-04 22:46:02 com_github_MitjaNemec_ReplicateLayout.replicate_layout 383:Getting source text items
08-04 22:46:02 com_github_MitjaNemec_ReplicateLayout.replicate_layout 387:Getting source drawing items
08-04 22:46:02 root 340:updating GUI message: 'Replicating footprints'
08-04 22:46:02 root 345:updating GUI with: 0
08-04 22:46:02 com_github_MitjaNemec_ReplicateLayout.replicate_layout 863:Replicating footprints
08-04 22:46:02 com_github_MitjaNemec_ReplicateLayout.replicate_layout 870:Replicating footprints on sheet ['/Gate Driver1/']
08-04 22:46:02 com_github_MitjaNemec_ReplicateLayout.replicate_layout 835:Src fp.id: 'D71DEDCC-E0B3-47A8-9909-1A2E05DDBE8B'
08-04 22:46:02 com_github_MitjaNemec_ReplicateLayout.replicate_layout 839:Dst fp.id: 'D71DEDCC-E0B3-47A8-9909-1A2E05DDBE8B'
08-04 22:46:02 com_github_MitjaNemec_ReplicateLayout.replicate_layout 888:Replicating footprint: 'U3'
08-04 22:46:02 com_github_MitjaNemec_ReplicateLayout.replicate_layout 835:Src fp.id: 'DB7C89C0-D0A6-4CDD-85B8-F12B4802A634'
08-04 22:46:02 com_github_MitjaNemec_ReplicateLayout.replicate_layout 839:Dst fp.id: 'DB7C89C0-D0A6-4CDD-85B8-F12B4802A634'
08-04 22:46:02 com_github_MitjaNemec_ReplicateLayout.replicate_layout 895:found match in dst footprint: 'U5'
08-04 22:46:02 com_github_MitjaNemec_ReplicateLayout.replicate_layout 990:Src text UUid:e4fa7f92-360f-45e8-ae42-343060cf54b2
08-04 22:46:02 com_github_MitjaNemec_ReplicateLayout.replicate_layout 991:Dst text UUid:6f23aa6a-192c-4673-9051-ab4fd2b2fc31
08-04 22:46:02 com_github_MitjaNemec_ReplicateLayout.replicate_layout 990:Src text UUid:42b09343-411a-4766-9e04-cbb2d2a0a3b9
08-04 22:46:02 com_github_MitjaNemec_ReplicateLayout.replicate_layout 991:Dst text UUid:31753ac7-691d-4cce-a9ed-5f563838544a
08-04 22:46:02 com_github_MitjaNemec_ReplicateLayout.replicate_layout 990:Src text UUid:64c466f8-fd98-464e-addc-2c4616091731
08-04 22:46:02 com_github_MitjaNemec_ReplicateLayout.replicate_layout 991:Dst text UUid:e79c494d-9e72-4e6a-bb56-7530f95f6581
08-04 22:46:02 com_github_MitjaNemec_ReplicateLayout.replicate_layout 888:Replicating footprint: 'Rout1'
08-04 22:46:02 com_github_MitjaNemec_ReplicateLayout.replicate_layout 835:Src fp.id: 'A98E4C0E-5597-4AE9-9AE9-15F74A143FC2'
08-04 22:46:02 com_github_MitjaNemec_ReplicateLayout.replicate_layout 839:Dst fp.id: 'A98E4C0E-5597-4AE9-9AE9-15F74A143FC2'
08-04 22:46:02 com_github_MitjaNemec_ReplicateLayout.replicate_layout 895:found match in dst footprint: 'Rout2'
08-04 22:46:02 com_github_MitjaNemec_ReplicateLayout.replicate_layout 990:Src text UUid:af385b81-ec6d-4e63-9f25-2e5ea8252791
08-04 22:46:02 com_github_MitjaNemec_ReplicateLayout.replicate_layout 991:Dst text UUid:ce0c5a53-2963-444c-b5b8-8b7f23646067
08-04 22:46:02 com_github_MitjaNemec_ReplicateLayout.replicate_layout 990:Src text UUid:da52132c-bfad-43f8-b582-1183f8239c9f
08-04 22:46:02 com_github_MitjaNemec_ReplicateLayout.replicate_layout 991:Dst text UUid:99464e85-36ab-4b03-98c1-5b86714c71da
08-04 22:46:02 com_github_MitjaNemec_ReplicateLayout.replicate_layout 990:Src text UUid:80cbca59-468c-48df-9b01-e99446fd1022
08-04 22:46:02 com_github_MitjaNemec_ReplicateLayout.replicate_layout 991:Dst text UUid:733f4df1-a9a0-49ab-bdac-51a11856dbaa
08-04 22:46:02 com_github_MitjaNemec_ReplicateLayout.replicate_layout 888:Replicating footprint: 'R16'
08-04 22:46:02 com_github_MitjaNemec_ReplicateLayout.replicate_layout 835:Src fp.id: '09200277-572C-421F-9384-6D02790DE6A5'
08-04 22:46:02 com_github_MitjaNemec_ReplicateLayout.replicate_layout 839:Dst fp.id: '09200277-572C-421F-9384-6D02790DE6A5'
08-04 22:46:02 com_github_MitjaNemec_ReplicateLayout.replicate_layout 895:found match in dst footprint: 'R32'
08-04 22:46:02 com_github_MitjaNemec_ReplicateLayout.replicate_layout 990:Src text UUid:22689e36-d366-4357-8253-e0a4af8efe1d
08-04 22:46:02 com_github_MitjaNemec_ReplicateLayout.replicate_layout 991:Dst text UUid:4ed61b35-052c-4b62-970c-d963adf70ab3
08-04 22:46:02 com_github_MitjaNemec_ReplicateLayout.replicate_layout 990:Src text UUid:510650ef-725c-4edd-b17b-05a7e97e8414
08-04 22:46:02 com_github_MitjaNemec_ReplicateLayout.replicate_layout 991:Dst text UUid:a549b984-6a31-4f49-a4e8-056ff1926189
08-04 22:46:02 com_github_MitjaNemec_ReplicateLayout.replicate_layout 990:Src text UUid:e937fc90-926c-446c-b78c-c9a952a3a26e
08-04 22:46:02 com_github_MitjaNemec_ReplicateLayout.replicate_layout 991:Dst text UUid:5080da47-8c7e-4d6d-8432-52dc731224e6
08-04 22:46:02 com_github_MitjaNemec_ReplicateLayout.replicate_layout 888:Replicating footprint: 'R15'
08-04 22:46:02 com_github_MitjaNemec_ReplicateLayout.replicate_layout 835:Src fp.id: '95CA7976-A79B-4929-89F6-167DBD8F7A61'
08-04 22:46:02 com_github_MitjaNemec_ReplicateLayout.replicate_layout 839:Dst fp.id: '95CA7976-A79B-4929-89F6-167DBD8F7A61'
08-04 22:46:02 com_github_MitjaNemec_ReplicateLayout.replicate_layout 895:found match in dst footprint: 'R31'
08-04 22:46:02 com_github_MitjaNemec_ReplicateLayout.replicate_layout 990:Src text UUid:f33c1184-87d7-4dfb-a35f-c3c581183d12
08-04 22:46:02 com_github_MitjaNemec_ReplicateLayout.replicate_layout 991:Dst text UUid:d3a5f7c1-4213-4cbe-8b64-c6b373ee0859
08-04 22:46:02 com_github_MitjaNemec_ReplicateLayout.replicate_layout 990:Src text UUid:fe694df8-e01d-414c-b027-f9d2ee6a5b81
08-04 22:46:02 com_github_MitjaNemec_ReplicateLayout.replicate_layout 991:Dst text UUid:1e2a51bb-d466-4abc-b00c-9f6cae016594
08-04 22:46:02 com_github_MitjaNemec_ReplicateLayout.replicate_layout 990:Src text UUid:4712e68c-7500-448b-b177-bc68208ef7e1
08-04 22:46:02 com_github_MitjaNemec_ReplicateLayout.replicate_layout 991:Dst text UUid:c572ce8f-8bfa-49ac-a5d6-3203d9667496
08-04 22:46:02 com_github_MitjaNemec_ReplicateLayout.replicate_layout 888:Replicating footprint: 'R14'
08-04 22:46:02 com_github_MitjaNemec_ReplicateLayout.replicate_layout 835:Src fp.id: 'DD4902DB-DA16-494B-A34D-F81A653CA97B'
08-04 22:46:02 com_github_MitjaNemec_ReplicateLayout.replicate_layout 839:Dst fp.id: 'DD4902DB-DA16-494B-A34D-F81A653CA97B'
08-04 22:46:02 com_github_MitjaNemec_ReplicateLayout.replicate_layout 895:found match in dst footprint: 'R30'
08-04 22:46:02 com_github_MitjaNemec_ReplicateLayout.replicate_layout 990:Src text UUid:8b360830-3b57-4551-a7c2-48f533c3d4eb
08-04 22:46:02 com_github_MitjaNemec_ReplicateLayout.replicate_layout 991:Dst text UUid:ad504558-d232-4568-9967-fbf75da46023
08-04 22:46:02 com_github_MitjaNemec_ReplicateLayout.replicate_layout 990:Src text UUid:66b9aabf-89d8-4779-82a3-cc09fd0c6261
08-04 22:46:02 com_github_MitjaNemec_ReplicateLayout.replicate_layout 991:Dst text UUid:2a1c9808-35a4-4486-b45e-b1c7bbca0aac
08-04 22:46:02 com_github_MitjaNemec_ReplicateLayout.replicate_layout 990:Src text UUid:1cd22cfd-a1b4-430e-b59c-4204a2c08ce8
08-04 22:46:02 com_github_MitjaNemec_ReplicateLayout.replicate_layout 991:Dst text UUid:c87ba687-5213-4a08-acce-6745812f89c9
08-04 22:46:02 com_github_MitjaNemec_ReplicateLayout.replicate_layout 888:Replicating footprint: 'R12'
08-04 22:46:02 com_github_MitjaNemec_ReplicateLayout.replicate_layout 835:Src fp.id: 'AC7AE52F-3750-4302-86FD-33ECA0B03209'
08-04 22:46:02 com_github_MitjaNemec_ReplicateLayout.replicate_layout 839:Dst fp.id: 'AC7AE52F-3750-4302-86FD-33ECA0B03209'
08-04 22:46:02 com_github_MitjaNemec_ReplicateLayout.replicate_layout 895:found match in dst footprint: 'R29'
08-04 22:46:02 com_github_MitjaNemec_ReplicateLayout.replicate_layout 990:Src text UUid:8a840e1c-c4c2-4121-8dfa-b69abfa2a6c5
08-04 22:46:02 com_github_MitjaNemec_ReplicateLayout.replicate_layout 991:Dst text UUid:a4c6ca4e-17df-4da0-984a-a54c869d98cc
08-04 22:46:02 com_github_MitjaNemec_ReplicateLayout.replicate_layout 990:Src text UUid:3c9f4dee-7dd4-4ba8-8fc2-6fdcae1874d0
08-04 22:46:02 com_github_MitjaNemec_ReplicateLayout.replicate_layout 991:Dst text UUid:91cf2f9a-7717-40c8-95c2-01ccd82967f8
08-04 22:46:02 com_github_MitjaNemec_ReplicateLayout.replicate_layout 990:Src text UUid:4a138cdd-230a-4ed9-a565-d2749edb2658
08-04 22:46:02 com_github_MitjaNemec_ReplicateLayout.replicate_layout 991:Dst text UUid:8fffff39-e9f5-49ab-a039-32bc82417740
08-04 22:46:02 com_github_MitjaNemec_ReplicateLayout.replicate_layout 888:Replicating footprint: 'R7'
08-04 22:46:02 com_github_MitjaNemec_ReplicateLayout.replicate_layout 835:Src fp.id: 'ECCF7AEB-0663-40F6-9B3A-73555CC3E9A5'
08-04 22:46:02 com_github_MitjaNemec_ReplicateLayout.replicate_layout 839:Dst fp.id: 'ECCF7AEB-0663-40F6-9B3A-73555CC3E9A5'
08-04 22:46:02 com_github_MitjaNemec_ReplicateLayout.replicate_layout 895:found match in dst footprint: 'R28'
08-04 22:46:02 com_github_MitjaNemec_ReplicateLayout.replicate_layout 990:Src text UUid:7987e09c-db0f-4cf4-9df7-cd70fbe98779
08-04 22:46:02 com_github_MitjaNemec_ReplicateLayout.replicate_layout 991:Dst text UUid:d5cc1c32-c98c-402d-b696-896679735775
08-04 22:46:02 com_github_MitjaNemec_ReplicateLayout.replicate_layout 990:Src text UUid:62b45d10-dd51-40e6-a3d7-c459ab1bba8a
08-04 22:46:02 com_github_MitjaNemec_ReplicateLayout.replicate_layout 991:Dst text UUid:917ed883-5ca0-460e-b562-4b8b5e7f6d05
08-04 22:46:02 com_github_MitjaNemec_ReplicateLayout.replicate_layout 990:Src text UUid:a814ece0-af77-409f-a868-091ca9df3827
08-04 22:46:02 com_github_MitjaNemec_ReplicateLayout.replicate_layout 991:Dst text UUid:10f6b39e-9d12-4a51-b819-ead20f0b5358
08-04 22:46:02 com_github_MitjaNemec_ReplicateLayout.replicate_layout 888:Replicating footprint: 'R6'
08-04 22:46:02 com_github_MitjaNemec_ReplicateLayout.replicate_layout 835:Src fp.id: 'F69D15F8-C008-4921-80EF-201F720939FA'
08-04 22:46:02 com_github_MitjaNemec_ReplicateLayout.replicate_layout 839:Dst fp.id: 'F69D15F8-C008-4921-80EF-201F720939FA'
08-04 22:46:02 com_github_MitjaNemec_ReplicateLayout.replicate_layout 895:found match in dst footprint: 'R27'
08-04 22:46:02 com_github_MitjaNemec_ReplicateLayout.replicate_layout 990:Src text UUid:07bf764b-530e-4406-8b92-2d73f02d1d99
08-04 22:46:02 com_github_MitjaNemec_ReplicateLayout.replicate_layout 991:Dst text UUid:8d22055b-48bc-49f3-af62-e3a2211e7d16
08-04 22:46:02 com_github_MitjaNemec_ReplicateLayout.replicate_layout 990:Src text UUid:37b672b2-2f87-429c-807a-be179c24216f
08-04 22:46:02 com_github_MitjaNemec_ReplicateLayout.replicate_layout 991:Dst text UUid:4a84ed8e-cdbe-493a-99ec-95eb299a2a8e
08-04 22:46:02 com_github_MitjaNemec_ReplicateLayout.replicate_layout 990:Src text UUid:8d91bef8-9d56-42ad-aab8-32b2a2e3358a
08-04 22:46:02 com_github_MitjaNemec_ReplicateLayout.replicate_layout 991:Dst text UUid:a168624f-7580-4a1b-8cb5-66c626299a56
08-04 22:46:02 com_github_MitjaNemec_ReplicateLayout.replicate_layout 888:Replicating footprint: 'L1'
08-04 22:46:02 com_github_MitjaNemec_ReplicateLayout.replicate_layout 835:Src fp.id: '431F2A73-257F-4617-9B67-8DBF019FC820'
08-04 22:46:02 com_github_MitjaNemec_ReplicateLayout.replicate_layout 839:Dst fp.id: '431F2A73-257F-4617-9B67-8DBF019FC820'
08-04 22:46:02 com_github_MitjaNemec_ReplicateLayout.replicate_layout 895:found match in dst footprint: 'L2'
08-04 22:46:02 com_github_MitjaNemec_ReplicateLayout.replicate_layout 990:Src text UUid:d1574a91-c9cf-464f-987b-c2efdec98d73
08-04 22:46:02 com_github_MitjaNemec_ReplicateLayout.replicate_layout 991:Dst text UUid:9beb6618-330f-441f-9ae4-00f8b9a6e804
08-04 22:46:02 com_github_MitjaNemec_ReplicateLayout.replicate_layout 990:Src text UUid:b628ef31-e660-4f4e-a820-e32dcdfd2e4b
08-04 22:46:02 com_github_MitjaNemec_ReplicateLayout.replicate_layout 991:Dst text UUid:1795caca-f501-4e47-8c2c-4ef2a4361364
08-04 22:46:02 com_github_MitjaNemec_ReplicateLayout.replicate_layout 990:Src text UUid:ba9e97a2-fe53-432f-882f-87fa55eedd7b
08-04 22:46:02 com_github_MitjaNemec_ReplicateLayout.replicate_layout 991:Dst text UUid:02ead99a-1a1c-45fd-bec8-f731fe6ca9f1
08-04 22:46:02 com_github_MitjaNemec_ReplicateLayout.replicate_layout 888:Replicating footprint: 'CR1'
08-04 22:46:02 com_github_MitjaNemec_ReplicateLayout.replicate_layout 835:Src fp.id: 'C044C638-169E-494C-A1F8-081E4FBD5BF8'
08-04 22:46:02 com_github_MitjaNemec_ReplicateLayout.replicate_layout 839:Dst fp.id: 'C044C638-169E-494C-A1F8-081E4FBD5BF8'
08-04 22:46:02 com_github_MitjaNemec_ReplicateLayout.replicate_layout 895:found match in dst footprint: 'CR2'
08-04 22:46:02 com_github_MitjaNemec_ReplicateLayout.replicate_layout 990:Src text UUid:05370a89-ae5a-461c-8642-180acad41bed
08-04 22:46:02 com_github_MitjaNemec_ReplicateLayout.replicate_layout 991:Dst text UUid:39bc7ab1-5271-4648-9081-b0b9baa41c24
08-04 22:46:02 com_github_MitjaNemec_ReplicateLayout.replicate_layout 990:Src text UUid:edf17d48-ed76-4e88-905d-b8f23d46bb62
08-04 22:46:02 com_github_MitjaNemec_ReplicateLayout.replicate_layout 991:Dst text UUid:140c68b1-6f65-4951-90fb-a33ba66a0471
08-04 22:46:02 com_github_MitjaNemec_ReplicateLayout.replicate_layout 990:Src text UUid:2d5efcf4-b9f2-4b18-9cad-f5193dbd0ade
08-04 22:46:02 com_github_MitjaNemec_ReplicateLayout.replicate_layout 991:Dst text UUid:e81f502d-5759-4ef5-a373-9a58402f4778
08-04 22:46:02 com_github_MitjaNemec_ReplicateLayout.replicate_layout 990:Src text UUid:ef0ffc29-b70e-4dc5-94ee-532450e7f60c
08-04 22:46:02 com_github_MitjaNemec_ReplicateLayout.replicate_layout 991:Dst text UUid:0f33c6f5-96e7-4ee1-8229-6f5fa8122ec9
08-04 22:46:02 com_github_MitjaNemec_ReplicateLayout.replicate_layout 990:Src text UUid:08944d80-103b-476d-83f0-bfe8df87042f
08-04 22:46:02 com_github_MitjaNemec_ReplicateLayout.replicate_layout 991:Dst text UUid:a927f8e9-d2a6-46a5-87d4-76af506e713d
08-04 22:46:02 com_github_MitjaNemec_ReplicateLayout.replicate_layout 990:Src text UUid:cd858f55-e72c-403c-a3d5-d49d8bc92d49
08-04 22:46:02 com_github_MitjaNemec_ReplicateLayout.replicate_layout 991:Dst text UUid:a68ccb64-876e-4044-baaf-46fdf5fc528e
08-04 22:46:02 com_github_MitjaNemec_ReplicateLayout.replicate_layout 990:Src text UUid:7079456f-925e-4737-863f-ec0ff7555dd4
08-04 22:46:02 com_github_MitjaNemec_ReplicateLayout.replicate_layout 991:Dst text UUid:8f49e026-c30b-45f4-b521-8399a40f178b
08-04 22:46:02 com_github_MitjaNemec_ReplicateLayout.replicate_layout 888:Replicating footprint: 'C16'
08-04 22:46:02 com_github_MitjaNemec_ReplicateLayout.replicate_layout 835:Src fp.id: 'D71DEDCC-E0B3-47A8-9909-1A2E05DDBE8B'
08-04 22:46:02 com_github_MitjaNemec_ReplicateLayout.replicate_layout 839:Dst fp.id: 'D71DEDCC-E0B3-47A8-9909-1A2E05DDBE8B'
08-04 22:46:02 com_github_MitjaNemec_ReplicateLayout.replicate_layout 895:found match in dst footprint: 'C31'
08-04 22:46:02 com_github_MitjaNemec_ReplicateLayout.replicate_layout 990:Src text UUid:75bd0c5e-eb72-4a91-af52-1843e5d717a0
08-04 22:46:02 com_github_MitjaNemec_ReplicateLayout.replicate_layout 991:Dst text UUid:7db23fb3-35d6-4681-a8b5-6d47af087722
08-04 22:46:02 com_github_MitjaNemec_ReplicateLayout.replicate_layout 990:Src text UUid:d0e90d04-c2cc-448a-b45c-aafcd94c95f1
08-04 22:46:02 com_github_MitjaNemec_ReplicateLayout.replicate_layout 991:Dst text UUid:699f00b0-f50f-4369-93d5-3c3cb3b1c7b4
08-04 22:46:02 com_github_MitjaNemec_ReplicateLayout.replicate_layout 888:Replicating footprint: 'C14'
08-04 22:46:02 com_github_MitjaNemec_ReplicateLayout.replicate_layout 835:Src fp.id: '7653CD34-DFF9-4D02-B1AE-2458BAD9D84F'
08-04 22:46:02 com_github_MitjaNemec_ReplicateLayout.replicate_layout 839:Dst fp.id: '7653CD34-DFF9-4D02-B1AE-2458BAD9D84F'
08-04 22:46:02 com_github_MitjaNemec_ReplicateLayout.replicate_layout 895:found match in dst footprint: 'C30'
08-04 22:46:02 com_github_MitjaNemec_ReplicateLayout.replicate_layout 990:Src text UUid:e1842439-c20a-45b9-be9a-500f8c125b11
08-04 22:46:02 com_github_MitjaNemec_ReplicateLayout.replicate_layout 991:Dst text UUid:e7ab62dc-3b40-4b9a-89d4-57d6559f3db6
08-04 22:46:02 com_github_MitjaNemec_ReplicateLayout.replicate_layout 990:Src text UUid:3f4babb0-276c-4798-b2ba-959d2e0a0cc8
08-04 22:46:02 com_github_MitjaNemec_ReplicateLayout.replicate_layout 991:Dst text UUid:57a5e069-e4d1-4732-a7ec-099f4b8921f3
08-04 22:46:02 com_github_MitjaNemec_ReplicateLayout.replicate_layout 990:Src text UUid:87d65e99-862c-41d6-8a5d-c8fc08cc1871
08-04 22:46:02 com_github_MitjaNemec_ReplicateLayout.replicate_layout 991:Dst text UUid:d56e79b2-5814-48a7-884f-6f104cc6ee40
08-04 22:46:02 com_github_MitjaNemec_ReplicateLayout.replicate_layout 888:Replicating footprint: 'C10'
08-04 22:46:02 com_github_MitjaNemec_ReplicateLayout.replicate_layout 835:Src fp.id: '2ADE0A59-D78E-48AA-B7B4-DA664C1ABFB4'
08-04 22:46:02 com_github_MitjaNemec_ReplicateLayout.replicate_layout 839:Dst fp.id: '2ADE0A59-D78E-48AA-B7B4-DA664C1ABFB4'
08-04 22:46:02 com_github_MitjaNemec_ReplicateLayout.replicate_layout 895:found match in dst footprint: 'C29'
08-04 22:46:02 com_github_MitjaNemec_ReplicateLayout.replicate_layout 990:Src text UUid:7f68ac58-b0dc-443d-8993-a5c7028f33b2
08-04 22:46:02 com_github_MitjaNemec_ReplicateLayout.replicate_layout 991:Dst text UUid:5b6b18e9-b95f-40d0-98b3-f31da808f955
08-04 22:46:02 com_github_MitjaNemec_ReplicateLayout.replicate_layout 990:Src text UUid:2b641f52-8ef7-4ff2-8578-180326a94d05
08-04 22:46:02 com_github_MitjaNemec_ReplicateLayout.replicate_layout 991:Dst text UUid:b651bf57-86a3-456d-88f9-176f05836d6c
08-04 22:46:02 com_github_MitjaNemec_ReplicateLayout.replicate_layout 990:Src text UUid:a755c3fd-43c6-432a-bf68-4b813d0dd3c9
08-04 22:46:02 com_github_MitjaNemec_ReplicateLayout.replicate_layout 991:Dst text UUid:4818730c-fabf-47db-a694-40dfda11b8a8
08-04 22:46:02 com_github_MitjaNemec_ReplicateLayout.replicate_layout 888:Replicating footprint: 'C9'
08-04 22:46:02 com_github_MitjaNemec_ReplicateLayout.replicate_layout 835:Src fp.id: '820D5341-D2C8-472E-B62B-40C5076E82AD'
08-04 22:46:02 com_github_MitjaNemec_ReplicateLayout.replicate_layout 839:Dst fp.id: '820D5341-D2C8-472E-B62B-40C5076E82AD'
08-04 22:46:02 com_github_MitjaNemec_ReplicateLayout.replicate_layout 895:found match in dst footprint: 'C28'
08-04 22:46:02 com_github_MitjaNemec_ReplicateLayout.replicate_layout 990:Src text UUid:b7ec7ec4-0cec-498e-8ed0-577b9df3d34d
08-04 22:46:02 com_github_MitjaNemec_ReplicateLayout.replicate_layout 991:Dst text UUid:2ec75184-b71d-4253-a446-cbaad5289393
08-04 22:46:02 com_github_MitjaNemec_ReplicateLayout.replicate_layout 990:Src text UUid:b492f8c0-ccfa-48fd-bad3-78f83d9ec3eb
08-04 22:46:02 com_github_MitjaNemec_ReplicateLayout.replicate_layout 991:Dst text UUid:93267ef3-6b64-4c41-a565-b50e5bad25b8
08-04 22:46:02 com_github_MitjaNemec_ReplicateLayout.replicate_layout 990:Src text UUid:35a13c9d-1818-43a8-b47d-e3a49e28ad12
08-04 22:46:02 com_github_MitjaNemec_ReplicateLayout.replicate_layout 991:Dst text UUid:6a433a25-89c5-493b-a472-601167ae6bec
08-04 22:46:02 com_github_MitjaNemec_ReplicateLayout.replicate_layout 888:Replicating footprint: 'C8'
08-04 22:46:02 com_github_MitjaNemec_ReplicateLayout.replicate_layout 835:Src fp.id: '4A77366F-76ED-4201-910C-3A41B85070CC'
08-04 22:46:02 com_github_MitjaNemec_ReplicateLayout.replicate_layout 839:Dst fp.id: '4A77366F-76ED-4201-910C-3A41B85070CC'
08-04 22:46:02 com_github_MitjaNemec_ReplicateLayout.replicate_layout 895:found match in dst footprint: 'C27'
08-04 22:46:02 com_github_MitjaNemec_ReplicateLayout.replicate_layout 990:Src text UUid:124c7f99-2d48-40da-a52a-d5a5a37ea095
08-04 22:46:02 com_github_MitjaNemec_ReplicateLayout.replicate_layout 991:Dst text UUid:1a3b2b1b-085e-403b-beac-d497daca70ce
08-04 22:46:02 com_github_MitjaNemec_ReplicateLayout.replicate_layout 990:Src text UUid:546c34d2-e306-4467-b2c9-b5e4043fab6a
08-04 22:46:02 com_github_MitjaNemec_ReplicateLayout.replicate_layout 991:Dst text UUid:677a5ef0-64ae-49f2-854d-da1e04fda659
08-04 22:46:02 com_github_MitjaNemec_ReplicateLayout.replicate_layout 990:Src text UUid:bf3b77b5-cc26-44e6-a176-05206f35fdf8
08-04 22:46:02 com_github_MitjaNemec_ReplicateLayout.replicate_layout 991:Dst text UUid:b2af797d-3bb5-4f19-a827-456299c20e60
08-04 22:46:02 com_github_MitjaNemec_ReplicateLayout.replicate_layout 888:Replicating footprint: 'C7'
08-04 22:46:02 com_github_MitjaNemec_ReplicateLayout.replicate_layout 835:Src fp.id: '838870C5-59D1-4EB8-AC60-DAE1190CD08F'
08-04 22:46:02 com_github_MitjaNemec_ReplicateLayout.replicate_layout 839:Dst fp.id: '838870C5-59D1-4EB8-AC60-DAE1190CD08F'
08-04 22:46:02 com_github_MitjaNemec_ReplicateLayout.replicate_layout 895:found match in dst footprint: 'C26'
08-04 22:46:02 com_github_MitjaNemec_ReplicateLayout.replicate_layout 990:Src text UUid:d441b1a5-4a5d-4480-92a2-006c4005f388
08-04 22:46:02 com_github_MitjaNemec_ReplicateLayout.replicate_layout 991:Dst text UUid:ee36b0b3-b4fc-4c5d-a3d7-792a2fdc535d
08-04 22:46:02 com_github_MitjaNemec_ReplicateLayout.replicate_layout 990:Src text UUid:ec9b2886-e009-4e67-9575-0fb76cfc9b83
08-04 22:46:02 com_github_MitjaNemec_ReplicateLayout.replicate_layout 991:Dst text UUid:22e70d7c-ee4a-4c6c-8079-bf43b8a6c719
08-04 22:46:02 com_github_MitjaNemec_ReplicateLayout.replicate_layout 990:Src text UUid:198aca3e-b9df-4f9f-af2b-0605d71e36a6
08-04 22:46:02 com_github_MitjaNemec_ReplicateLayout.replicate_layout 991:Dst text UUid:8f0169a1-f709-42eb-b187-6f338428f1a6
08-04 22:46:02 com_github_MitjaNemec_ReplicateLayout.replicate_layout 888:Replicating footprint: 'C6'
08-04 22:46:02 com_github_MitjaNemec_ReplicateLayout.replicate_layout 835:Src fp.id: '3255D821-8820-4794-B43F-B0D3497D92BE'
08-04 22:46:02 com_github_MitjaNemec_ReplicateLayout.replicate_layout 839:Dst fp.id: '3255D821-8820-4794-B43F-B0D3497D92BE'
08-04 22:46:02 com_github_MitjaNemec_ReplicateLayout.replicate_layout 895:found match in dst footprint: 'C25'
08-04 22:46:02 com_github_MitjaNemec_ReplicateLayout.replicate_layout 990:Src text UUid:e0d7294c-f0ca-4a8a-9b69-405e3bc99312
08-04 22:46:02 com_github_MitjaNemec_ReplicateLayout.replicate_layout 991:Dst text UUid:c1d3417f-b4fc-4aab-a5b3-2b5a912f053c
08-04 22:46:02 com_github_MitjaNemec_ReplicateLayout.replicate_layout 990:Src text UUid:f5a2ea31-510f-4242-9223-2d64d1f30fa6
08-04 22:46:02 com_github_MitjaNemec_ReplicateLayout.replicate_layout 991:Dst text UUid:87e50cc5-559a-4f2e-b539-21e98f263456
08-04 22:46:02 com_github_MitjaNemec_ReplicateLayout.replicate_layout 990:Src text UUid:9eaf144d-6307-4a7d-9a0c-11df82757524
08-04 22:46:02 com_github_MitjaNemec_ReplicateLayout.replicate_layout 991:Dst text UUid:1f887903-7bbd-41c5-bca0-d102dbef46fd
08-04 22:46:02 com_github_MitjaNemec_ReplicateLayout.replicate_layout 888:Replicating footprint: 'C5'
08-04 22:46:02 com_github_MitjaNemec_ReplicateLayout.replicate_layout 835:Src fp.id: 'EF121F30-1F7E-4155-B26C-C9703888DBC8'
08-04 22:46:02 com_github_MitjaNemec_ReplicateLayout.replicate_layout 839:Dst fp.id: 'EF121F30-1F7E-4155-B26C-C9703888DBC8'
08-04 22:46:02 com_github_MitjaNemec_ReplicateLayout.replicate_layout 895:found match in dst footprint: 'C24'
08-04 22:46:02 com_github_MitjaNemec_ReplicateLayout.replicate_layout 990:Src text UUid:16197acc-d454-494d-9d4f-cddc5d4f7d7e
08-04 22:46:02 com_github_MitjaNemec_ReplicateLayout.replicate_layout 991:Dst text UUid:307483b6-8ad1-407c-b32a-9895b8cb9c71
08-04 22:46:02 com_github_MitjaNemec_ReplicateLayout.replicate_layout 990:Src text UUid:2a4f84b2-fbdd-4e98-b830-d432277d952a
08-04 22:46:02 com_github_MitjaNemec_ReplicateLayout.replicate_layout 991:Dst text UUid:82512041-e254-424e-841d-f8d0dacb59e4
08-04 22:46:02 com_github_MitjaNemec_ReplicateLayout.replicate_layout 990:Src text UUid:2246ecee-b93b-4733-805d-c4e2ada431ee
08-04 22:46:02 com_github_MitjaNemec_ReplicateLayout.replicate_layout 991:Dst text UUid:0000b2f5-a9b0-4ff4-a681-3b895f73481d
08-04 22:46:02 com_github_MitjaNemec_ReplicateLayout.replicate_layout 888:Replicating footprint: 'C3'
08-04 22:46:02 com_github_MitjaNemec_ReplicateLayout.replicate_layout 835:Src fp.id: 'B1C16B8A-7FDA-4C4A-A0E9-F029CEC0B338'
08-04 22:46:02 com_github_MitjaNemec_ReplicateLayout.replicate_layout 839:Dst fp.id: 'B1C16B8A-7FDA-4C4A-A0E9-F029CEC0B338'
08-04 22:46:02 com_github_MitjaNemec_ReplicateLayout.replicate_layout 895:found match in dst footprint: 'C23'
08-04 22:46:02 com_github_MitjaNemec_ReplicateLayout.replicate_layout 990:Src text UUid:0611e685-4a76-4a8e-95dd-94730a4c5524
08-04 22:46:02 com_github_MitjaNemec_ReplicateLayout.replicate_layout 991:Dst text UUid:2a44ff51-c85d-431d-b6d6-52ebe47c75e7
08-04 22:46:02 com_github_MitjaNemec_ReplicateLayout.replicate_layout 990:Src text UUid:01de5b0c-0da5-468d-8345-701269262e3b
08-04 22:46:02 com_github_MitjaNemec_ReplicateLayout.replicate_layout 991:Dst text UUid:30e44b75-d71d-4c4e-b8d4-97b09e184958
08-04 22:46:02 com_github_MitjaNemec_ReplicateLayout.replicate_layout 990:Src text UUid:ef3a7f37-de07-4909-9d8b-cb143e9e33fa
08-04 22:46:02 com_github_MitjaNemec_ReplicateLayout.replicate_layout 991:Dst text UUid:fa60a8d0-990a-498c-b7bd-48bef4451f2e
08-04 22:46:02 com_github_MitjaNemec_ReplicateLayout.replicate_layout 888:Replicating footprint: 'C2'
08-04 22:46:02 com_github_MitjaNemec_ReplicateLayout.replicate_layout 835:Src fp.id: 'AD428CC6-C19C-4F80-B1E7-7A5854C3AD51'
08-04 22:46:02 com_github_MitjaNemec_ReplicateLayout.replicate_layout 839:Dst fp.id: 'AD428CC6-C19C-4F80-B1E7-7A5854C3AD51'
08-04 22:46:02 com_github_MitjaNemec_ReplicateLayout.replicate_layout 895:found match in dst footprint: 'C22'
08-04 22:46:02 com_github_MitjaNemec_ReplicateLayout.replicate_layout 990:Src text UUid:36fcd65e-de74-43c0-942b-a1784c1274f8
08-04 22:46:02 com_github_MitjaNemec_ReplicateLayout.replicate_layout 991:Dst text UUid:459e2827-7df5-4141-86c5-395d66cfcb0f
08-04 22:46:02 com_github_MitjaNemec_ReplicateLayout.replicate_layout 990:Src text UUid:1ec7d9bc-3a29-43ca-b48b-e4eda6552040
08-04 22:46:02 com_github_MitjaNemec_ReplicateLayout.replicate_layout 991:Dst text UUid:2da36d47-dc47-4060-a917-2f73bdceb85a
08-04 22:46:02 com_github_MitjaNemec_ReplicateLayout.replicate_layout 990:Src text UUid:19be81a4-4920-4f0f-9073-2b0543311167
08-04 22:46:02 com_github_MitjaNemec_ReplicateLayout.replicate_layout 991:Dst text UUid:f4266398-d9af-4a58-9817-492ce6a24976
08-04 22:46:02 com_github_MitjaNemec_ReplicateLayout.replicate_layout 870:Replicating footprints on sheet ['/Gate Driver2/']
08-04 22:46:02 com_github_MitjaNemec_ReplicateLayout.replicate_layout 835:Src fp.id: 'D71DEDCC-E0B3-47A8-9909-1A2E05DDBE8B'
08-04 22:46:02 com_github_MitjaNemec_ReplicateLayout.replicate_layout 839:Dst fp.id: 'D71DEDCC-E0B3-47A8-9909-1A2E05DDBE8B'
08-04 22:46:02 com_github_MitjaNemec_ReplicateLayout.replicate_layout 888:Replicating footprint: 'U3'
08-04 22:46:02 com_github_MitjaNemec_ReplicateLayout.replicate_layout 835:Src fp.id: 'DB7C89C0-D0A6-4CDD-85B8-F12B4802A634'
08-04 22:46:02 com_github_MitjaNemec_ReplicateLayout.replicate_layout 839:Dst fp.id: 'DB7C89C0-D0A6-4CDD-85B8-F12B4802A634'
08-04 22:46:02 com_github_MitjaNemec_ReplicateLayout.replicate_layout 895:found match in dst footprint: 'U7'
08-04 22:46:02 com_github_MitjaNemec_ReplicateLayout.replicate_layout 990:Src text UUid:e4fa7f92-360f-45e8-ae42-343060cf54b2
08-04 22:46:02 com_github_MitjaNemec_ReplicateLayout.replicate_layout 991:Dst text UUid:0403d46d-d3aa-4a37-9694-1d89680f9c4d
08-04 22:46:02 com_github_MitjaNemec_ReplicateLayout.replicate_layout 990:Src text UUid:42b09343-411a-4766-9e04-cbb2d2a0a3b9
08-04 22:46:02 com_github_MitjaNemec_ReplicateLayout.replicate_layout 991:Dst text UUid:5da3c0e1-1a15-494d-8d35-6ae3c51d32d6
08-04 22:46:02 com_github_MitjaNemec_ReplicateLayout.replicate_layout 990:Src text UUid:64c466f8-fd98-464e-addc-2c4616091731
08-04 22:46:02 com_github_MitjaNemec_ReplicateLayout.replicate_layout 991:Dst text UUid:9568583c-6b76-4a38-8e3a-d0f91ee552d2
08-04 22:46:02 com_github_MitjaNemec_ReplicateLayout.replicate_layout 888:Replicating footprint: 'Rout1'
08-04 22:46:02 com_github_MitjaNemec_ReplicateLayout.replicate_layout 835:Src fp.id: 'A98E4C0E-5597-4AE9-9AE9-15F74A143FC2'
08-04 22:46:02 com_github_MitjaNemec_ReplicateLayout.replicate_layout 839:Dst fp.id: 'A98E4C0E-5597-4AE9-9AE9-15F74A143FC2'
08-04 22:46:02 com_github_MitjaNemec_ReplicateLayout.replicate_layout 895:found match in dst footprint: 'Rout3'
08-04 22:46:02 com_github_MitjaNemec_ReplicateLayout.replicate_layout 990:Src text UUid:af385b81-ec6d-4e63-9f25-2e5ea8252791
08-04 22:46:02 com_github_MitjaNemec_ReplicateLayout.replicate_layout 991:Dst text UUid:bd31c9f3-6608-486d-aa57-cbea6928dc6a
08-04 22:46:02 com_github_MitjaNemec_ReplicateLayout.replicate_layout 990:Src text UUid:da52132c-bfad-43f8-b582-1183f8239c9f
08-04 22:46:02 com_github_MitjaNemec_ReplicateLayout.replicate_layout 991:Dst text UUid:f4fc29cb-d3b1-49b6-a052-c2b82d3812ea
08-04 22:46:02 com_github_MitjaNemec_ReplicateLayout.replicate_layout 990:Src text UUid:80cbca59-468c-48df-9b01-e99446fd1022
08-04 22:46:02 com_github_MitjaNemec_ReplicateLayout.replicate_layout 991:Dst text UUid:62cc0ce6-7e59-4c49-9fe8-bf4af11645fd
08-04 22:46:02 com_github_MitjaNemec_ReplicateLayout.replicate_layout 888:Replicating footprint: 'R16'
08-04 22:46:02 com_github_MitjaNemec_ReplicateLayout.replicate_layout 835:Src fp.id: '09200277-572C-421F-9384-6D02790DE6A5'
08-04 22:46:02 com_github_MitjaNemec_ReplicateLayout.replicate_layout 839:Dst fp.id: '09200277-572C-421F-9384-6D02790DE6A5'
08-04 22:46:02 com_github_MitjaNemec_ReplicateLayout.replicate_layout 895:found match in dst footprint: 'R38'
08-04 22:46:02 com_github_MitjaNemec_ReplicateLayout.replicate_layout 990:Src text UUid:22689e36-d366-4357-8253-e0a4af8efe1d
08-04 22:46:02 com_github_MitjaNemec_ReplicateLayout.replicate_layout 991:Dst text UUid:4c74a98c-bfb9-4534-9988-df7d0710b20a
08-04 22:46:02 com_github_MitjaNemec_ReplicateLayout.replicate_layout 990:Src text UUid:510650ef-725c-4edd-b17b-05a7e97e8414
08-04 22:46:02 com_github_MitjaNemec_ReplicateLayout.replicate_layout 991:Dst text UUid:dede4f71-4aaf-41d4-aa8b-8a5d261d6e48
08-04 22:46:02 com_github_MitjaNemec_ReplicateLayout.replicate_layout 990:Src text UUid:e937fc90-926c-446c-b78c-c9a952a3a26e
08-04 22:46:02 com_github_MitjaNemec_ReplicateLayout.replicate_layout 991:Dst text UUid:6bd882f2-4abf-4adb-a775-bb4951029685
08-04 22:46:02 com_github_MitjaNemec_ReplicateLayout.replicate_layout 888:Replicating footprint: 'R15'
08-04 22:46:02 com_github_MitjaNemec_ReplicateLayout.replicate_layout 835:Src fp.id: '95CA7976-A79B-4929-89F6-167DBD8F7A61'
08-04 22:46:02 com_github_MitjaNemec_ReplicateLayout.replicate_layout 839:Dst fp.id: '95CA7976-A79B-4929-89F6-167DBD8F7A61'
08-04 22:46:02 com_github_MitjaNemec_ReplicateLayout.replicate_layout 895:found match in dst footprint: 'R37'
08-04 22:46:02 com_github_MitjaNemec_ReplicateLayout.replicate_layout 990:Src text UUid:f33c1184-87d7-4dfb-a35f-c3c581183d12
08-04 22:46:02 com_github_MitjaNemec_ReplicateLayout.replicate_layout 991:Dst text UUid:8275a6bd-d2b5-49ca-9470-cb3276af2ed4
08-04 22:46:02 com_github_MitjaNemec_ReplicateLayout.replicate_layout 990:Src text UUid:fe694df8-e01d-414c-b027-f9d2ee6a5b81
08-04 22:46:02 com_github_MitjaNemec_ReplicateLayout.replicate_layout 991:Dst text UUid:2cf079bf-62f8-43a6-9218-c34dab509bf3
08-04 22:46:02 com_github_MitjaNemec_ReplicateLayout.replicate_layout 990:Src text UUid:4712e68c-7500-448b-b177-bc68208ef7e1
08-04 22:46:02 com_github_MitjaNemec_ReplicateLayout.replicate_layout 991:Dst text UUid:c55e894b-6f6c-4989-b0f8-6412220f874f
08-04 22:46:02 com_github_MitjaNemec_ReplicateLayout.replicate_layout 888:Replicating footprint: 'R14'
08-04 22:46:02 com_github_MitjaNemec_ReplicateLayout.replicate_layout 835:Src fp.id: 'DD4902DB-DA16-494B-A34D-F81A653CA97B'
08-04 22:46:02 com_github_MitjaNemec_ReplicateLayout.replicate_layout 839:Dst fp.id: 'DD4902DB-DA16-494B-A34D-F81A653CA97B'
08-04 22:46:02 com_github_MitjaNemec_ReplicateLayout.replicate_layout 895:found match in dst footprint: 'R36'
08-04 22:46:02 com_github_MitjaNemec_ReplicateLayout.replicate_layout 990:Src text UUid:8b360830-3b57-4551-a7c2-48f533c3d4eb
08-04 22:46:02 com_github_MitjaNemec_ReplicateLayout.replicate_layout 991:Dst text UUid:22a257d4-8aef-49a6-addd-08b8f6191813
08-04 22:46:02 com_github_MitjaNemec_ReplicateLayout.replicate_layout 990:Src text UUid:66b9aabf-89d8-4779-82a3-cc09fd0c6261
08-04 22:46:02 com_github_MitjaNemec_ReplicateLayout.replicate_layout 991:Dst text UUid:1d0afc92-4ed8-492a-8d9e-87d05ad86cd2
08-04 22:46:02 com_github_MitjaNemec_ReplicateLayout.replicate_layout 990:Src text UUid:1cd22cfd-a1b4-430e-b59c-4204a2c08ce8
08-04 22:46:02 com_github_MitjaNemec_ReplicateLayout.replicate_layout 991:Dst text UUid:06dba1e9-41b2-469f-840b-982d85152f05
08-04 22:46:02 com_github_MitjaNemec_ReplicateLayout.replicate_layout 888:Replicating footprint: 'R12'
08-04 22:46:02 com_github_MitjaNemec_ReplicateLayout.replicate_layout 835:Src fp.id: 'AC7AE52F-3750-4302-86FD-33ECA0B03209'
08-04 22:46:02 com_github_MitjaNemec_ReplicateLayout.replicate_layout 839:Dst fp.id: 'AC7AE52F-3750-4302-86FD-33ECA0B03209'
08-04 22:46:02 com_github_MitjaNemec_ReplicateLayout.replicate_layout 895:found match in dst footprint: 'R35'
08-04 22:46:02 com_github_MitjaNemec_ReplicateLayout.replicate_layout 990:Src text UUid:8a840e1c-c4c2-4121-8dfa-b69abfa2a6c5
08-04 22:46:02 com_github_MitjaNemec_ReplicateLayout.replicate_layout 991:Dst text UUid:cdabf717-d709-4bcc-a026-d929a1085975
08-04 22:46:02 com_github_MitjaNemec_ReplicateLayout.replicate_layout 990:Src text UUid:3c9f4dee-7dd4-4ba8-8fc2-6fdcae1874d0
08-04 22:46:02 com_github_MitjaNemec_ReplicateLayout.replicate_layout 991:Dst text UUid:9b3fb96f-b04d-4123-aff3-bf91cf9d8dbc
08-04 22:46:02 com_github_MitjaNemec_ReplicateLayout.replicate_layout 990:Src text UUid:4a138cdd-230a-4ed9-a565-d2749edb2658
08-04 22:46:02 com_github_MitjaNemec_ReplicateLayout.replicate_layout 991:Dst text UUid:fc4f03b9-c5d6-4b59-aa62-1bc6dbb26736
08-04 22:46:02 com_github_MitjaNemec_ReplicateLayout.replicate_layout 888:Replicating footprint: 'R7'
08-04 22:46:02 com_github_MitjaNemec_ReplicateLayout.replicate_layout 835:Src fp.id: 'ECCF7AEB-0663-40F6-9B3A-73555CC3E9A5'
08-04 22:46:02 com_github_MitjaNemec_ReplicateLayout.replicate_layout 839:Dst fp.id: 'ECCF7AEB-0663-40F6-9B3A-73555CC3E9A5'
08-04 22:46:02 com_github_MitjaNemec_ReplicateLayout.replicate_layout 895:found match in dst footprint: 'R34'
08-04 22:46:02 com_github_MitjaNemec_ReplicateLayout.replicate_layout 990:Src text UUid:7987e09c-db0f-4cf4-9df7-cd70fbe98779
08-04 22:46:02 com_github_MitjaNemec_ReplicateLayout.replicate_layout 991:Dst text UUid:c8d09f24-6a49-4269-a675-6b430c647794
08-04 22:46:02 com_github_MitjaNemec_ReplicateLayout.replicate_layout 990:Src text UUid:62b45d10-dd51-40e6-a3d7-c459ab1bba8a
08-04 22:46:02 com_github_MitjaNemec_ReplicateLayout.replicate_layout 991:Dst text UUid:f329af97-3be2-40b6-97c8-885762112d53
08-04 22:46:02 com_github_MitjaNemec_ReplicateLayout.replicate_layout 990:Src text UUid:a814ece0-af77-409f-a868-091ca9df3827
08-04 22:46:02 com_github_MitjaNemec_ReplicateLayout.replicate_layout 991:Dst text UUid:b7e4168c-7db3-48a7-be75-4f8432d03b41
08-04 22:46:02 com_github_MitjaNemec_ReplicateLayout.replicate_layout 888:Replicating footprint: 'R6'
08-04 22:46:02 com_github_MitjaNemec_ReplicateLayout.replicate_layout 835:Src fp.id: 'F69D15F8-C008-4921-80EF-201F720939FA'
08-04 22:46:02 com_github_MitjaNemec_ReplicateLayout.replicate_layout 839:Dst fp.id: 'F69D15F8-C008-4921-80EF-201F720939FA'
08-04 22:46:02 com_github_MitjaNemec_ReplicateLayout.replicate_layout 895:found match in dst footprint: 'R33'
08-04 22:46:02 com_github_MitjaNemec_ReplicateLayout.replicate_layout 990:Src text UUid:07bf764b-530e-4406-8b92-2d73f02d1d99
08-04 22:46:02 com_github_MitjaNemec_ReplicateLayout.replicate_layout 991:Dst text UUid:cecef7a3-dc17-484e-96b9-fbb3150dcbb1
08-04 22:46:02 com_github_MitjaNemec_ReplicateLayout.replicate_layout 990:Src text UUid:37b672b2-2f87-429c-807a-be179c24216f
08-04 22:46:02 com_github_MitjaNemec_ReplicateLayout.replicate_layout 991:Dst text UUid:605261c3-a6e0-4b77-81ce-9fcfd0ab0d72
08-04 22:46:02 com_github_MitjaNemec_ReplicateLayout.replicate_layout 990:Src text UUid:8d91bef8-9d56-42ad-aab8-32b2a2e3358a
08-04 22:46:02 com_github_MitjaNemec_ReplicateLayout.replicate_layout 991:Dst text UUid:d10f8f69-92fc-4ddb-bfbd-aaf252692070
08-04 22:46:02 com_github_MitjaNemec_ReplicateLayout.replicate_layout 888:Replicating footprint: 'L1'
08-04 22:46:02 com_github_MitjaNemec_ReplicateLayout.replicate_layout 835:Src fp.id: '431F2A73-257F-4617-9B67-8DBF019FC820'
08-04 22:46:02 com_github_MitjaNemec_ReplicateLayout.replicate_layout 839:Dst fp.id: '431F2A73-257F-4617-9B67-8DBF019FC820'
08-04 22:46:02 com_github_MitjaNemec_ReplicateLayout.replicate_layout 895:found match in dst footprint: 'L3'
08-04 22:46:02 com_github_MitjaNemec_ReplicateLayout.replicate_layout 990:Src text UUid:d1574a91-c9cf-464f-987b-c2efdec98d73
08-04 22:46:02 com_github_MitjaNemec_ReplicateLayout.replicate_layout 991:Dst text UUid:ba8dafd5-7d93-4aec-8e51-92c78a4b20c8
08-04 22:46:02 com_github_MitjaNemec_ReplicateLayout.replicate_layout 990:Src text UUid:b628ef31-e660-4f4e-a820-e32dcdfd2e4b
08-04 22:46:02 com_github_MitjaNemec_ReplicateLayout.replicate_layout 991:Dst text UUid:460e86e1-a98c-4985-b7e2-36f202e946c0
08-04 22:46:02 com_github_MitjaNemec_ReplicateLayout.replicate_layout 990:Src text UUid:ba9e97a2-fe53-432f-882f-87fa55eedd7b
08-04 22:46:02 com_github_MitjaNemec_ReplicateLayout.replicate_layout 991:Dst text UUid:a15e9917-20cf-4b04-b52c-47e9a6513d4a
08-04 22:46:02 com_github_MitjaNemec_ReplicateLayout.replicate_layout 888:Replicating footprint: 'CR1'
08-04 22:46:02 com_github_MitjaNemec_ReplicateLayout.replicate_layout 835:Src fp.id: 'C044C638-169E-494C-A1F8-081E4FBD5BF8'
08-04 22:46:02 com_github_MitjaNemec_ReplicateLayout.replicate_layout 839:Dst fp.id: 'C044C638-169E-494C-A1F8-081E4FBD5BF8'
08-04 22:46:02 com_github_MitjaNemec_ReplicateLayout.replicate_layout 895:found match in dst footprint: 'CR3'
08-04 22:46:02 com_github_MitjaNemec_ReplicateLayout.replicate_layout 990:Src text UUid:05370a89-ae5a-461c-8642-180acad41bed
08-04 22:46:02 com_github_MitjaNemec_ReplicateLayout.replicate_layout 991:Dst text UUid:fa2a00e5-093a-4bc4-84be-c20c32b50aa2
08-04 22:46:02 com_github_MitjaNemec_ReplicateLayout.replicate_layout 990:Src text UUid:edf17d48-ed76-4e88-905d-b8f23d46bb62
08-04 22:46:02 com_github_MitjaNemec_ReplicateLayout.replicate_layout 991:Dst text UUid:d97d248a-9ef6-4afd-9fd2-c5a17b972d98
08-04 22:46:02 com_github_MitjaNemec_ReplicateLayout.replicate_layout 990:Src text UUid:2d5efcf4-b9f2-4b18-9cad-f5193dbd0ade
08-04 22:46:02 com_github_MitjaNemec_ReplicateLayout.replicate_layout 991:Dst text UUid:6ddf2b39-7ad1-4538-b6da-2f7f2cf3b82e
08-04 22:46:02 com_github_MitjaNemec_ReplicateLayout.replicate_layout 990:Src text UUid:ef0ffc29-b70e-4dc5-94ee-532450e7f60c
08-04 22:46:02 com_github_MitjaNemec_ReplicateLayout.replicate_layout 991:Dst text UUid:b42015bb-3d0f-4161-b22a-724baa6fdeb6
08-04 22:46:02 com_github_MitjaNemec_ReplicateLayout.replicate_layout 990:Src text UUid:08944d80-103b-476d-83f0-bfe8df87042f
08-04 22:46:02 com_github_MitjaNemec_ReplicateLayout.replicate_layout 991:Dst text UUid:57db28bd-19dc-47c0-9c44-de2542565447
08-04 22:46:02 com_github_MitjaNemec_ReplicateLayout.replicate_layout 990:Src text UUid:cd858f55-e72c-403c-a3d5-d49d8bc92d49
08-04 22:46:02 com_github_MitjaNemec_ReplicateLayout.replicate_layout 991:Dst text UUid:51a7b946-0b0a-4a83-aad4-c89d0fe72ba7
08-04 22:46:02 com_github_MitjaNemec_ReplicateLayout.replicate_layout 990:Src text UUid:7079456f-925e-4737-863f-ec0ff7555dd4
08-04 22:46:02 com_github_MitjaNemec_ReplicateLayout.replicate_layout 991:Dst text UUid:e183a418-2db1-4eb9-8650-c6bc27ebf560
08-04 22:46:02 com_github_MitjaNemec_ReplicateLayout.replicate_layout 888:Replicating footprint: 'C16'
08-04 22:46:02 root 345:updating GUI with: 51
08-04 22:46:02 com_github_MitjaNemec_ReplicateLayout.replicate_layout 835:Src fp.id: 'D71DEDCC-E0B3-47A8-9909-1A2E05DDBE8B'
08-04 22:46:02 com_github_MitjaNemec_ReplicateLayout.replicate_layout 839:Dst fp.id: 'D71DEDCC-E0B3-47A8-9909-1A2E05DDBE8B'
08-04 22:46:02 com_github_MitjaNemec_ReplicateLayout.replicate_layout 895:found match in dst footprint: 'C41'
08-04 22:46:02 com_github_MitjaNemec_ReplicateLayout.replicate_layout 990:Src text UUid:75bd0c5e-eb72-4a91-af52-1843e5d717a0
08-04 22:46:02 com_github_MitjaNemec_ReplicateLayout.replicate_layout 991:Dst text UUid:f2a0140e-dd79-449e-8ecc-7ab38f0ece1f
08-04 22:46:02 com_github_MitjaNemec_ReplicateLayout.replicate_layout 990:Src text UUid:d0e90d04-c2cc-448a-b45c-aafcd94c95f1
08-04 22:46:02 com_github_MitjaNemec_ReplicateLayout.replicate_layout 991:Dst text UUid:59e235d8-dfef-47d2-a3ac-1a4f947ab40a
08-04 22:46:02 com_github_MitjaNemec_ReplicateLayout.replicate_layout 888:Replicating footprint: 'C14'
08-04 22:46:02 com_github_MitjaNemec_ReplicateLayout.replicate_layout 835:Src fp.id: '7653CD34-DFF9-4D02-B1AE-2458BAD9D84F'
08-04 22:46:02 com_github_MitjaNemec_ReplicateLayout.replicate_layout 839:Dst fp.id: '7653CD34-DFF9-4D02-B1AE-2458BAD9D84F'
08-04 22:46:02 com_github_MitjaNemec_ReplicateLayout.replicate_layout 895:found match in dst footprint: 'C40'
08-04 22:46:02 com_github_MitjaNemec_ReplicateLayout.replicate_layout 990:Src text UUid:e1842439-c20a-45b9-be9a-500f8c125b11
08-04 22:46:02 com_github_MitjaNemec_ReplicateLayout.replicate_layout 991:Dst text UUid:40b13e17-bce1-4c3f-80da-bd59cffde418
08-04 22:46:02 com_github_MitjaNemec_ReplicateLayout.replicate_layout 990:Src text UUid:3f4babb0-276c-4798-b2ba-959d2e0a0cc8
08-04 22:46:02 com_github_MitjaNemec_ReplicateLayout.replicate_layout 991:Dst text UUid:9bab4d88-0ca9-415e-a4e7-fad5fd083eae
08-04 22:46:02 com_github_MitjaNemec_ReplicateLayout.replicate_layout 990:Src text UUid:87d65e99-862c-41d6-8a5d-c8fc08cc1871
08-04 22:46:02 com_github_MitjaNemec_ReplicateLayout.replicate_layout 991:Dst text UUid:92b865da-0f29-4a2a-9ef9-7fd6b5b813ea
08-04 22:46:02 com_github_MitjaNemec_ReplicateLayout.replicate_layout 888:Replicating footprint: 'C10'
08-04 22:46:02 com_github_MitjaNemec_ReplicateLayout.replicate_layout 835:Src fp.id: '2ADE0A59-D78E-48AA-B7B4-DA664C1ABFB4'
08-04 22:46:02 com_github_MitjaNemec_ReplicateLayout.replicate_layout 839:Dst fp.id: '2ADE0A59-D78E-48AA-B7B4-DA664C1ABFB4'
08-04 22:46:02 com_github_MitjaNemec_ReplicateLayout.replicate_layout 895:found match in dst footprint: 'C39'
08-04 22:46:02 com_github_MitjaNemec_ReplicateLayout.replicate_layout 990:Src text UUid:7f68ac58-b0dc-443d-8993-a5c7028f33b2
08-04 22:46:02 com_github_MitjaNemec_ReplicateLayout.replicate_layout 991:Dst text UUid:44cda1ee-2d44-4d03-964f-b71d736d94e7
08-04 22:46:02 com_github_MitjaNemec_ReplicateLayout.replicate_layout 990:Src text UUid:2b641f52-8ef7-4ff2-8578-180326a94d05
08-04 22:46:02 com_github_MitjaNemec_ReplicateLayout.replicate_layout 991:Dst text UUid:da07e30d-e50e-42fb-94d2-759db280beb5
08-04 22:46:02 com_github_MitjaNemec_ReplicateLayout.replicate_layout 990:Src text UUid:a755c3fd-43c6-432a-bf68-4b813d0dd3c9
08-04 22:46:02 com_github_MitjaNemec_ReplicateLayout.replicate_layout 991:Dst text UUid:69743326-f1e7-426c-b523-1c39c77d07ba
08-04 22:46:02 com_github_MitjaNemec_ReplicateLayout.replicate_layout 888:Replicating footprint: 'C9'
08-04 22:46:02 com_github_MitjaNemec_ReplicateLayout.replicate_layout 835:Src fp.id: '820D5341-D2C8-472E-B62B-40C5076E82AD'
08-04 22:46:02 com_github_MitjaNemec_ReplicateLayout.replicate_layout 839:Dst fp.id: '820D5341-D2C8-472E-B62B-40C5076E82AD'
08-04 22:46:02 com_github_MitjaNemec_ReplicateLayout.replicate_layout 895:found match in dst footprint: 'C38'
08-04 22:46:02 com_github_MitjaNemec_ReplicateLayout.replicate_layout 990:Src text UUid:b7ec7ec4-0cec-498e-8ed0-577b9df3d34d
08-04 22:46:02 com_github_MitjaNemec_ReplicateLayout.replicate_layout 991:Dst text UUid:20be8394-f830-4052-9835-e75b30c734a4
08-04 22:46:02 com_github_MitjaNemec_ReplicateLayout.replicate_layout 990:Src text UUid:b492f8c0-ccfa-48fd-bad3-78f83d9ec3eb
08-04 22:46:02 com_github_MitjaNemec_ReplicateLayout.replicate_layout 991:Dst text UUid:5dffa3c1-2bfc-4354-b158-0640196556f1
08-04 22:46:02 com_github_MitjaNemec_ReplicateLayout.replicate_layout 990:Src text UUid:35a13c9d-1818-43a8-b47d-e3a49e28ad12
08-04 22:46:02 com_github_MitjaNemec_ReplicateLayout.replicate_layout 991:Dst text UUid:08f6fca5-f63f-496c-8df4-62ed23a6756d
08-04 22:46:02 com_github_MitjaNemec_ReplicateLayout.replicate_layout 888:Replicating footprint: 'C8'
08-04 22:46:02 com_github_MitjaNemec_ReplicateLayout.replicate_layout 835:Src fp.id: '4A77366F-76ED-4201-910C-3A41B85070CC'
08-04 22:46:02 com_github_MitjaNemec_ReplicateLayout.replicate_layout 839:Dst fp.id: '4A77366F-76ED-4201-910C-3A41B85070CC'
08-04 22:46:02 com_github_MitjaNemec_ReplicateLayout.replicate_layout 895:found match in dst footprint: 'C37'
08-04 22:46:02 com_github_MitjaNemec_ReplicateLayout.replicate_layout 990:Src text UUid:124c7f99-2d48-40da-a52a-d5a5a37ea095
08-04 22:46:02 com_github_MitjaNemec_ReplicateLayout.replicate_layout 991:Dst text UUid:0f656916-22ae-4fb8-9a5f-2785a7cd060d
08-04 22:46:02 com_github_MitjaNemec_ReplicateLayout.replicate_layout 990:Src text UUid:546c34d2-e306-4467-b2c9-b5e4043fab6a
08-04 22:46:02 com_github_MitjaNemec_ReplicateLayout.replicate_layout 991:Dst text UUid:99730749-8829-4552-97e5-39682269c3ce
08-04 22:46:02 com_github_MitjaNemec_ReplicateLayout.replicate_layout 990:Src text UUid:bf3b77b5-cc26-44e6-a176-05206f35fdf8
08-04 22:46:02 com_github_MitjaNemec_ReplicateLayout.replicate_layout 991:Dst text UUid:e679a161-35e7-447a-b02c-22b1f1e0238f
08-04 22:46:02 com_github_MitjaNemec_ReplicateLayout.replicate_layout 888:Replicating footprint: 'C7'
08-04 22:46:02 com_github_MitjaNemec_ReplicateLayout.replicate_layout 835:Src fp.id: '838870C5-59D1-4EB8-AC60-DAE1190CD08F'
08-04 22:46:02 com_github_MitjaNemec_ReplicateLayout.replicate_layout 839:Dst fp.id: '838870C5-59D1-4EB8-AC60-DAE1190CD08F'
08-04 22:46:02 com_github_MitjaNemec_ReplicateLayout.replicate_layout 895:found match in dst footprint: 'C36'
08-04 22:46:02 com_github_MitjaNemec_ReplicateLayout.replicate_layout 990:Src text UUid:d441b1a5-4a5d-4480-92a2-006c4005f388
08-04 22:46:02 com_github_MitjaNemec_ReplicateLayout.replicate_layout 991:Dst text UUid:29d9cc06-b9b7-41fc-b8d8-0def59aca0d8
08-04 22:46:02 com_github_MitjaNemec_ReplicateLayout.replicate_layout 990:Src text UUid:ec9b2886-e009-4e67-9575-0fb76cfc9b83
08-04 22:46:02 com_github_MitjaNemec_ReplicateLayout.replicate_layout 991:Dst text UUid:a35874c9-c9c2-4ed0-a153-6c77b61d4921
08-04 22:46:02 com_github_MitjaNemec_ReplicateLayout.replicate_layout 990:Src text UUid:198aca3e-b9df-4f9f-af2b-0605d71e36a6
08-04 22:46:02 com_github_MitjaNemec_ReplicateLayout.replicate_layout 991:Dst text UUid:c42bab11-51eb-48e2-952a-c83c71c6ca4e
08-04 22:46:02 com_github_MitjaNemec_ReplicateLayout.replicate_layout 888:Replicating footprint: 'C6'
08-04 22:46:02 com_github_MitjaNemec_ReplicateLayout.replicate_layout 835:Src fp.id: '3255D821-8820-4794-B43F-B0D3497D92BE'
08-04 22:46:02 com_github_MitjaNemec_ReplicateLayout.replicate_layout 839:Dst fp.id: '3255D821-8820-4794-B43F-B0D3497D92BE'
08-04 22:46:02 com_github_MitjaNemec_ReplicateLayout.replicate_layout 895:found match in dst footprint: 'C35'
08-04 22:46:02 com_github_MitjaNemec_ReplicateLayout.replicate_layout 990:Src text UUid:e0d7294c-f0ca-4a8a-9b69-405e3bc99312
08-04 22:46:02 com_github_MitjaNemec_ReplicateLayout.replicate_layout 991:Dst text UUid:82184a83-d585-4211-b5ea-ee58dbf6fb40
08-04 22:46:02 com_github_MitjaNemec_ReplicateLayout.replicate_layout 990:Src text UUid:f5a2ea31-510f-4242-9223-2d64d1f30fa6
08-04 22:46:02 com_github_MitjaNemec_ReplicateLayout.replicate_layout 991:Dst text UUid:ef0e9833-f67c-4b16-9a00-928a31244dce
08-04 22:46:02 com_github_MitjaNemec_ReplicateLayout.replicate_layout 990:Src text UUid:9eaf144d-6307-4a7d-9a0c-11df82757524
08-04 22:46:02 com_github_MitjaNemec_ReplicateLayout.replicate_layout 991:Dst text UUid:cbab0402-d547-42d2-9a64-1f99c0e5ee20
08-04 22:46:02 com_github_MitjaNemec_ReplicateLayout.replicate_layout 888:Replicating footprint: 'C5'
08-04 22:46:02 com_github_MitjaNemec_ReplicateLayout.replicate_layout 835:Src fp.id: 'EF121F30-1F7E-4155-B26C-C9703888DBC8'
08-04 22:46:02 com_github_MitjaNemec_ReplicateLayout.replicate_layout 839:Dst fp.id: 'EF121F30-1F7E-4155-B26C-C9703888DBC8'
08-04 22:46:02 com_github_MitjaNemec_ReplicateLayout.replicate_layout 895:found match in dst footprint: 'C34'
08-04 22:46:02 com_github_MitjaNemec_ReplicateLayout.replicate_layout 990:Src text UUid:16197acc-d454-494d-9d4f-cddc5d4f7d7e
08-04 22:46:02 com_github_MitjaNemec_ReplicateLayout.replicate_layout 991:Dst text UUid:6ed02caf-6d83-4d15-95a1-edfa60ed6496
08-04 22:46:02 com_github_MitjaNemec_ReplicateLayout.replicate_layout 990:Src text UUid:2a4f84b2-fbdd-4e98-b830-d432277d952a
08-04 22:46:02 com_github_MitjaNemec_ReplicateLayout.replicate_layout 991:Dst text UUid:6c20b8a3-3c92-4bf4-ac24-693f3e64df75
08-04 22:46:02 com_github_MitjaNemec_ReplicateLayout.replicate_layout 990:Src text UUid:2246ecee-b93b-4733-805d-c4e2ada431ee
08-04 22:46:02 com_github_MitjaNemec_ReplicateLayout.replicate_layout 991:Dst text UUid:c0a6f91e-a41e-4887-8166-13d4b1c03f7c
08-04 22:46:02 com_github_MitjaNemec_ReplicateLayout.replicate_layout 888:Replicating footprint: 'C3'
08-04 22:46:02 com_github_MitjaNemec_ReplicateLayout.replicate_layout 835:Src fp.id: 'B1C16B8A-7FDA-4C4A-A0E9-F029CEC0B338'
08-04 22:46:02 com_github_MitjaNemec_ReplicateLayout.replicate_layout 839:Dst fp.id: 'B1C16B8A-7FDA-4C4A-A0E9-F029CEC0B338'
08-04 22:46:02 com_github_MitjaNemec_ReplicateLayout.replicate_layout 895:found match in dst footprint: 'C33'
08-04 22:46:02 com_github_MitjaNemec_ReplicateLayout.replicate_layout 990:Src text UUid:0611e685-4a76-4a8e-95dd-94730a4c5524
08-04 22:46:02 com_github_MitjaNemec_ReplicateLayout.replicate_layout 991:Dst text UUid:09829e35-e5c6-4719-907d-3475cf9b8348
08-04 22:46:02 com_github_MitjaNemec_ReplicateLayout.replicate_layout 990:Src text UUid:01de5b0c-0da5-468d-8345-701269262e3b
08-04 22:46:02 com_github_MitjaNemec_ReplicateLayout.replicate_layout 991:Dst text UUid:84032520-59f2-49f9-84db-42de3d5b79d6
08-04 22:46:02 com_github_MitjaNemec_ReplicateLayout.replicate_layout 990:Src text UUid:ef3a7f37-de07-4909-9d8b-cb143e9e33fa
08-04 22:46:02 com_github_MitjaNemec_ReplicateLayout.replicate_layout 991:Dst text UUid:7650f273-06e1-4b5d-87f5-a2fd97ac6dc7
08-04 22:46:02 com_github_MitjaNemec_ReplicateLayout.replicate_layout 888:Replicating footprint: 'C2'
08-04 22:46:02 com_github_MitjaNemec_ReplicateLayout.replicate_layout 835:Src fp.id: 'AD428CC6-C19C-4F80-B1E7-7A5854C3AD51'
08-04 22:46:02 com_github_MitjaNemec_ReplicateLayout.replicate_layout 839:Dst fp.id: 'AD428CC6-C19C-4F80-B1E7-7A5854C3AD51'
08-04 22:46:02 com_github_MitjaNemec_ReplicateLayout.replicate_layout 895:found match in dst footprint: 'C32'
08-04 22:46:02 com_github_MitjaNemec_ReplicateLayout.replicate_layout 990:Src text UUid:36fcd65e-de74-43c0-942b-a1784c1274f8
08-04 22:46:02 com_github_MitjaNemec_ReplicateLayout.replicate_layout 991:Dst text UUid:ed018ca3-c477-4a31-978e-ca9bbe4965d9
08-04 22:46:02 com_github_MitjaNemec_ReplicateLayout.replicate_layout 990:Src text UUid:1ec7d9bc-3a29-43ca-b48b-e4eda6552040
08-04 22:46:02 com_github_MitjaNemec_ReplicateLayout.replicate_layout 991:Dst text UUid:023bf79e-7f74-486c-acc1-547c62e5a893
08-04 22:46:02 com_github_MitjaNemec_ReplicateLayout.replicate_layout 990:Src text UUid:19be81a4-4920-4f0f-9073-2b0543311167
08-04 22:46:02 com_github_MitjaNemec_ReplicateLayout.replicate_layout 991:Dst text UUid:179472a3-7be3-4466-8267-9a5034fa5483
08-04 22:46:02 com_github_MitjaNemec_ReplicateLayout.replicate_layout 870:Replicating footprints on sheet ['/Gate Driver3/']
08-04 22:46:02 com_github_MitjaNemec_ReplicateLayout.replicate_layout 835:Src fp.id: 'D71DEDCC-E0B3-47A8-9909-1A2E05DDBE8B'
08-04 22:46:02 com_github_MitjaNemec_ReplicateLayout.replicate_layout 839:Dst fp.id: 'D71DEDCC-E0B3-47A8-9909-1A2E05DDBE8B'
08-04 22:46:02 com_github_MitjaNemec_ReplicateLayout.replicate_layout 888:Replicating footprint: 'U3'
08-04 22:46:02 com_github_MitjaNemec_ReplicateLayout.replicate_layout 835:Src fp.id: 'DB7C89C0-D0A6-4CDD-85B8-F12B4802A634'
08-04 22:46:02 com_github_MitjaNemec_ReplicateLayout.replicate_layout 839:Dst fp.id: 'DB7C89C0-D0A6-4CDD-85B8-F12B4802A634'
08-04 22:46:02 com_github_MitjaNemec_ReplicateLayout.replicate_layout 895:found match in dst footprint: 'U8'
08-04 22:46:02 com_github_MitjaNemec_ReplicateLayout.replicate_layout 990:Src text UUid:e4fa7f92-360f-45e8-ae42-343060cf54b2
08-04 22:46:02 com_github_MitjaNemec_ReplicateLayout.replicate_layout 991:Dst text UUid:42629337-d75b-46aa-9d7f-ffeed390ca3d
08-04 22:46:02 com_github_MitjaNemec_ReplicateLayout.replicate_layout 990:Src text UUid:42b09343-411a-4766-9e04-cbb2d2a0a3b9
08-04 22:46:02 com_github_MitjaNemec_ReplicateLayout.replicate_layout 991:Dst text UUid:c0e69f75-ffa2-4080-a141-7a2a72d09e49
08-04 22:46:02 com_github_MitjaNemec_ReplicateLayout.replicate_layout 990:Src text UUid:64c466f8-fd98-464e-addc-2c4616091731
08-04 22:46:02 com_github_MitjaNemec_ReplicateLayout.replicate_layout 991:Dst text UUid:e5b72cb9-4f29-4420-b590-94be6c02ef98
08-04 22:46:02 com_github_MitjaNemec_ReplicateLayout.replicate_layout 888:Replicating footprint: 'Rout1'
08-04 22:46:02 com_github_MitjaNemec_ReplicateLayout.replicate_layout 835:Src fp.id: 'A98E4C0E-5597-4AE9-9AE9-15F74A143FC2'
08-04 22:46:02 com_github_MitjaNemec_ReplicateLayout.replicate_layout 839:Dst fp.id: 'A98E4C0E-5597-4AE9-9AE9-15F74A143FC2'
08-04 22:46:02 com_github_MitjaNemec_ReplicateLayout.replicate_layout 895:found match in dst footprint: 'Rout4'
08-04 22:46:02 com_github_MitjaNemec_ReplicateLayout.replicate_layout 990:Src text UUid:af385b81-ec6d-4e63-9f25-2e5ea8252791
08-04 22:46:02 com_github_MitjaNemec_ReplicateLayout.replicate_layout 991:Dst text UUid:dc879ec3-99ce-4d83-b71b-0cc1349d4513
08-04 22:46:02 com_github_MitjaNemec_ReplicateLayout.replicate_layout 990:Src text UUid:da52132c-bfad-43f8-b582-1183f8239c9f
08-04 22:46:02 com_github_MitjaNemec_ReplicateLayout.replicate_layout 991:Dst text UUid:097e3d58-0616-4b4d-a19f-59b427d43102
08-04 22:46:02 com_github_MitjaNemec_ReplicateLayout.replicate_layout 990:Src text UUid:80cbca59-468c-48df-9b01-e99446fd1022
08-04 22:46:02 com_github_MitjaNemec_ReplicateLayout.replicate_layout 991:Dst text UUid:41ac692f-3aa6-48e8-a146-9992096921f9
08-04 22:46:02 com_github_MitjaNemec_ReplicateLayout.replicate_layout 888:Replicating footprint: 'R16'
08-04 22:46:02 com_github_MitjaNemec_ReplicateLayout.replicate_layout 835:Src fp.id: '09200277-572C-421F-9384-6D02790DE6A5'
08-04 22:46:02 com_github_MitjaNemec_ReplicateLayout.replicate_layout 839:Dst fp.id: '09200277-572C-421F-9384-6D02790DE6A5'
08-04 22:46:02 com_github_MitjaNemec_ReplicateLayout.replicate_layout 895:found match in dst footprint: 'R44'
08-04 22:46:02 com_github_MitjaNemec_ReplicateLayout.replicate_layout 990:Src text UUid:22689e36-d366-4357-8253-e0a4af8efe1d
08-04 22:46:02 com_github_MitjaNemec_ReplicateLayout.replicate_layout 991:Dst text UUid:9e338e80-473f-46e1-b87b-cbe12ca7b503
08-04 22:46:02 com_github_MitjaNemec_ReplicateLayout.replicate_layout 990:Src text UUid:510650ef-725c-4edd-b17b-05a7e97e8414
08-04 22:46:02 com_github_MitjaNemec_ReplicateLayout.replicate_layout 991:Dst text UUid:36b4090c-894d-4a74-a553-fb5ffcf59533
08-04 22:46:02 com_github_MitjaNemec_ReplicateLayout.replicate_layout 990:Src text UUid:e937fc90-926c-446c-b78c-c9a952a3a26e
08-04 22:46:02 com_github_MitjaNemec_ReplicateLayout.replicate_layout 991:Dst text UUid:b71c0308-25f0-41aa-b421-45701e233691
08-04 22:46:02 com_github_MitjaNemec_ReplicateLayout.replicate_layout 888:Replicating footprint: 'R15'
08-04 22:46:02 com_github_MitjaNemec_ReplicateLayout.replicate_layout 835:Src fp.id: '95CA7976-A79B-4929-89F6-167DBD8F7A61'
08-04 22:46:02 com_github_MitjaNemec_ReplicateLayout.replicate_layout 839:Dst fp.id: '95CA7976-A79B-4929-89F6-167DBD8F7A61'
08-04 22:46:02 com_github_MitjaNemec_ReplicateLayout.replicate_layout 895:found match in dst footprint: 'R43'
08-04 22:46:02 com_github_MitjaNemec_ReplicateLayout.replicate_layout 990:Src text UUid:f33c1184-87d7-4dfb-a35f-c3c581183d12
08-04 22:46:02 com_github_MitjaNemec_ReplicateLayout.replicate_layout 991:Dst text UUid:9a5a811d-6f71-4459-a07b-f3670690b1b5
08-04 22:46:02 com_github_MitjaNemec_ReplicateLayout.replicate_layout 990:Src text UUid:fe694df8-e01d-414c-b027-f9d2ee6a5b81
08-04 22:46:02 com_github_MitjaNemec_ReplicateLayout.replicate_layout 991:Dst text UUid:4a5d0dcc-2426-4dcc-b7bb-9d73c38ce51b
08-04 22:46:02 com_github_MitjaNemec_ReplicateLayout.replicate_layout 990:Src text UUid:4712e68c-7500-448b-b177-bc68208ef7e1
08-04 22:46:02 com_github_MitjaNemec_ReplicateLayout.replicate_layout 991:Dst text UUid:0a1078b2-1a97-4da6-b715-a4b38b1396ec
08-04 22:46:02 com_github_MitjaNemec_ReplicateLayout.replicate_layout 888:Replicating footprint: 'R14'
08-04 22:46:02 com_github_MitjaNemec_ReplicateLayout.replicate_layout 835:Src fp.id: 'DD4902DB-DA16-494B-A34D-F81A653CA97B'
08-04 22:46:02 com_github_MitjaNemec_ReplicateLayout.replicate_layout 839:Dst fp.id: 'DD4902DB-DA16-494B-A34D-F81A653CA97B'
08-04 22:46:02 com_github_MitjaNemec_ReplicateLayout.replicate_layout 895:found match in dst footprint: 'R42'
08-04 22:46:02 com_github_MitjaNemec_ReplicateLayout.replicate_layout 990:Src text UUid:8b360830-3b57-4551-a7c2-48f533c3d4eb
08-04 22:46:02 com_github_MitjaNemec_ReplicateLayout.replicate_layout 991:Dst text UUid:21dd2a77-6e80-456b-945f-97ceb4c2371f
08-04 22:46:02 com_github_MitjaNemec_ReplicateLayout.replicate_layout 990:Src text UUid:66b9aabf-89d8-4779-82a3-cc09fd0c6261
08-04 22:46:02 com_github_MitjaNemec_ReplicateLayout.replicate_layout 991:Dst text UUid:630dc3f4-250d-40cc-a702-80438d20dd74
08-04 22:46:02 com_github_MitjaNemec_ReplicateLayout.replicate_layout 990:Src text UUid:1cd22cfd-a1b4-430e-b59c-4204a2c08ce8
08-04 22:46:02 com_github_MitjaNemec_ReplicateLayout.replicate_layout 991:Dst text UUid:42dfc8c3-15c9-4872-a247-7a7a4488c666
08-04 22:46:02 com_github_MitjaNemec_ReplicateLayout.replicate_layout 888:Replicating footprint: 'R12'
08-04 22:46:02 com_github_MitjaNemec_ReplicateLayout.replicate_layout 835:Src fp.id: 'AC7AE52F-3750-4302-86FD-33ECA0B03209'
08-04 22:46:02 com_github_MitjaNemec_ReplicateLayout.replicate_layout 839:Dst fp.id: 'AC7AE52F-3750-4302-86FD-33ECA0B03209'
08-04 22:46:02 com_github_MitjaNemec_ReplicateLayout.replicate_layout 895:found match in dst footprint: 'R41'
08-04 22:46:02 com_github_MitjaNemec_ReplicateLayout.replicate_layout 990:Src text UUid:8a840e1c-c4c2-4121-8dfa-b69abfa2a6c5
08-04 22:46:02 com_github_MitjaNemec_ReplicateLayout.replicate_layout 991:Dst text UUid:400898b8-77f3-4c2d-99a8-83ed8c5181eb
08-04 22:46:02 com_github_MitjaNemec_ReplicateLayout.replicate_layout 990:Src text UUid:3c9f4dee-7dd4-4ba8-8fc2-6fdcae1874d0
08-04 22:46:02 com_github_MitjaNemec_ReplicateLayout.replicate_layout 991:Dst text UUid:5d6e7790-793e-4aa8-a884-cb122e1cb2a9
08-04 22:46:02 com_github_MitjaNemec_ReplicateLayout.replicate_layout 990:Src text UUid:4a138cdd-230a-4ed9-a565-d2749edb2658
08-04 22:46:02 com_github_MitjaNemec_ReplicateLayout.replicate_layout 991:Dst text UUid:9dcef1fa-2e6d-41dc-8833-da76b0bdbad2
08-04 22:46:02 com_github_MitjaNemec_ReplicateLayout.replicate_layout 888:Replicating footprint: 'R7'
08-04 22:46:02 com_github_MitjaNemec_ReplicateLayout.replicate_layout 835:Src fp.id: 'ECCF7AEB-0663-40F6-9B3A-73555CC3E9A5'
08-04 22:46:02 com_github_MitjaNemec_ReplicateLayout.replicate_layout 839:Dst fp.id: 'ECCF7AEB-0663-40F6-9B3A-73555CC3E9A5'
08-04 22:46:02 com_github_MitjaNemec_ReplicateLayout.replicate_layout 895:found match in dst footprint: 'R40'
08-04 22:46:02 com_github_MitjaNemec_ReplicateLayout.replicate_layout 990:Src text UUid:7987e09c-db0f-4cf4-9df7-cd70fbe98779
08-04 22:46:02 com_github_MitjaNemec_ReplicateLayout.replicate_layout 991:Dst text UUid:ac0117c2-42d4-497e-a0cb-c2b5b8755515
08-04 22:46:02 com_github_MitjaNemec_ReplicateLayout.replicate_layout 990:Src text UUid:62b45d10-dd51-40e6-a3d7-c459ab1bba8a
08-04 22:46:02 com_github_MitjaNemec_ReplicateLayout.replicate_layout 991:Dst text UUid:416dbbd7-4654-4070-b732-bb7d6003f23e
08-04 22:46:02 com_github_MitjaNemec_ReplicateLayout.replicate_layout 990:Src text UUid:a814ece0-af77-409f-a868-091ca9df3827
08-04 22:46:02 com_github_MitjaNemec_ReplicateLayout.replicate_layout 991:Dst text UUid:503e30a2-d5ab-4fb9-83f7-4971a49cc3e1
08-04 22:46:02 com_github_MitjaNemec_ReplicateLayout.replicate_layout 888:Replicating footprint: 'R6'
08-04 22:46:02 com_github_MitjaNemec_ReplicateLayout.replicate_layout 835:Src fp.id: 'F69D15F8-C008-4921-80EF-201F720939FA'
08-04 22:46:02 com_github_MitjaNemec_ReplicateLayout.replicate_layout 839:Dst fp.id: 'F69D15F8-C008-4921-80EF-201F720939FA'
08-04 22:46:02 com_github_MitjaNemec_ReplicateLayout.replicate_layout 895:found match in dst footprint: 'R39'
08-04 22:46:02 com_github_MitjaNemec_ReplicateLayout.replicate_layout 990:Src text UUid:07bf764b-530e-4406-8b92-2d73f02d1d99
08-04 22:46:02 com_github_MitjaNemec_ReplicateLayout.replicate_layout 991:Dst text UUid:dfbbed27-c16b-4168-b8a4-876407ad260e
08-04 22:46:02 com_github_MitjaNemec_ReplicateLayout.replicate_layout 990:Src text UUid:37b672b2-2f87-429c-807a-be179c24216f
08-04 22:46:02 com_github_MitjaNemec_ReplicateLayout.replicate_layout 991:Dst text UUid:85c76be1-2746-457f-8608-45c3d597016b
08-04 22:46:02 com_github_MitjaNemec_ReplicateLayout.replicate_layout 990:Src text UUid:8d91bef8-9d56-42ad-aab8-32b2a2e3358a
08-04 22:46:02 com_github_MitjaNemec_ReplicateLayout.replicate_layout 991:Dst text UUid:e09d563a-f81d-4075-80fa-1f80746149dd
08-04 22:46:02 com_github_MitjaNemec_ReplicateLayout.replicate_layout 888:Replicating footprint: 'L1'
08-04 22:46:02 com_github_MitjaNemec_ReplicateLayout.replicate_layout 835:Src fp.id: '431F2A73-257F-4617-9B67-8DBF019FC820'
08-04 22:46:02 com_github_MitjaNemec_ReplicateLayout.replicate_layout 839:Dst fp.id: '431F2A73-257F-4617-9B67-8DBF019FC820'
08-04 22:46:02 com_github_MitjaNemec_ReplicateLayout.replicate_layout 895:found match in dst footprint: 'L4'
08-04 22:46:02 com_github_MitjaNemec_ReplicateLayout.replicate_layout 990:Src text UUid:d1574a91-c9cf-464f-987b-c2efdec98d73
08-04 22:46:02 com_github_MitjaNemec_ReplicateLayout.replicate_layout 991:Dst text UUid:1a4839d0-3b7e-4bb3-9e23-17dc73b2e88a
08-04 22:46:02 com_github_MitjaNemec_ReplicateLayout.replicate_layout 990:Src text UUid:b628ef31-e660-4f4e-a820-e32dcdfd2e4b
08-04 22:46:02 com_github_MitjaNemec_ReplicateLayout.replicate_layout 991:Dst text UUid:ef7c70a7-bd63-4fa8-82b8-5c6baf2045a7
08-04 22:46:02 com_github_MitjaNemec_ReplicateLayout.replicate_layout 990:Src text UUid:ba9e97a2-fe53-432f-882f-87fa55eedd7b
08-04 22:46:02 com_github_MitjaNemec_ReplicateLayout.replicate_layout 991:Dst text UUid:22fdc1ec-d3a9-4c16-bec4-339b62427456
08-04 22:46:02 com_github_MitjaNemec_ReplicateLayout.replicate_layout 888:Replicating footprint: 'CR1'
08-04 22:46:02 com_github_MitjaNemec_ReplicateLayout.replicate_layout 835:Src fp.id: 'C044C638-169E-494C-A1F8-081E4FBD5BF8'
08-04 22:46:02 com_github_MitjaNemec_ReplicateLayout.replicate_layout 839:Dst fp.id: 'C044C638-169E-494C-A1F8-081E4FBD5BF8'
08-04 22:46:02 com_github_MitjaNemec_ReplicateLayout.replicate_layout 895:found match in dst footprint: 'CR4'
08-04 22:46:02 com_github_MitjaNemec_ReplicateLayout.replicate_layout 990:Src text UUid:05370a89-ae5a-461c-8642-180acad41bed
08-04 22:46:02 com_github_MitjaNemec_ReplicateLayout.replicate_layout 991:Dst text UUid:18a624bc-1dfe-4465-8ae3-5345447d659d
08-04 22:46:02 com_github_MitjaNemec_ReplicateLayout.replicate_layout 990:Src text UUid:edf17d48-ed76-4e88-905d-b8f23d46bb62
08-04 22:46:02 com_github_MitjaNemec_ReplicateLayout.replicate_layout 991:Dst text UUid:13d8c3e6-b44d-4ec9-a351-6993429812d1
08-04 22:46:02 com_github_MitjaNemec_ReplicateLayout.replicate_layout 990:Src text UUid:2d5efcf4-b9f2-4b18-9cad-f5193dbd0ade
08-04 22:46:02 com_github_MitjaNemec_ReplicateLayout.replicate_layout 991:Dst text UUid:739c0359-26af-47de-bec8-626873a5a0d0
08-04 22:46:02 com_github_MitjaNemec_ReplicateLayout.replicate_layout 990:Src text UUid:ef0ffc29-b70e-4dc5-94ee-532450e7f60c
08-04 22:46:02 com_github_MitjaNemec_ReplicateLayout.replicate_layout 991:Dst text UUid:c05f8993-d2e1-4a4a-bb7f-b4e0e15f7ef3
08-04 22:46:02 com_github_MitjaNemec_ReplicateLayout.replicate_layout 990:Src text UUid:08944d80-103b-476d-83f0-bfe8df87042f
08-04 22:46:02 com_github_MitjaNemec_ReplicateLayout.replicate_layout 991:Dst text UUid:4ee1e00e-fccf-452e-b6ac-f0fe1faeb0a6
08-04 22:46:02 com_github_MitjaNemec_ReplicateLayout.replicate_layout 990:Src text UUid:cd858f55-e72c-403c-a3d5-d49d8bc92d49
08-04 22:46:02 com_github_MitjaNemec_ReplicateLayout.replicate_layout 991:Dst text UUid:c7e68d7d-44ef-4728-9325-4838a2262a28
08-04 22:46:02 com_github_MitjaNemec_ReplicateLayout.replicate_layout 990:Src text UUid:7079456f-925e-4737-863f-ec0ff7555dd4
08-04 22:46:02 com_github_MitjaNemec_ReplicateLayout.replicate_layout 991:Dst text UUid:ddc3d656-1606-44b3-a470-3fd01c1642b9
08-04 22:46:02 com_github_MitjaNemec_ReplicateLayout.replicate_layout 888:Replicating footprint: 'C16'
08-04 22:46:02 com_github_MitjaNemec_ReplicateLayout.replicate_layout 835:Src fp.id: 'D71DEDCC-E0B3-47A8-9909-1A2E05DDBE8B'
08-04 22:46:02 com_github_MitjaNemec_ReplicateLayout.replicate_layout 839:Dst fp.id: 'D71DEDCC-E0B3-47A8-9909-1A2E05DDBE8B'
08-04 22:46:02 com_github_MitjaNemec_ReplicateLayout.replicate_layout 895:found match in dst footprint: 'C51'
08-04 22:46:02 com_github_MitjaNemec_ReplicateLayout.replicate_layout 990:Src text UUid:75bd0c5e-eb72-4a91-af52-1843e5d717a0
08-04 22:46:02 com_github_MitjaNemec_ReplicateLayout.replicate_layout 991:Dst text UUid:a8e25081-1fca-48b9-a93c-5fbaf0997f01
08-04 22:46:02 com_github_MitjaNemec_ReplicateLayout.replicate_layout 990:Src text UUid:d0e90d04-c2cc-448a-b45c-aafcd94c95f1
08-04 22:46:02 com_github_MitjaNemec_ReplicateLayout.replicate_layout 991:Dst text UUid:fd4092db-d3d7-4449-807e-18835771d1c8
08-04 22:46:02 com_github_MitjaNemec_ReplicateLayout.replicate_layout 888:Replicating footprint: 'C14'
08-04 22:46:02 com_github_MitjaNemec_ReplicateLayout.replicate_layout 835:Src fp.id: '7653CD34-DFF9-4D02-B1AE-2458BAD9D84F'
08-04 22:46:02 com_github_MitjaNemec_ReplicateLayout.replicate_layout 839:Dst fp.id: '7653CD34-DFF9-4D02-B1AE-2458BAD9D84F'
08-04 22:46:02 com_github_MitjaNemec_ReplicateLayout.replicate_layout 895:found match in dst footprint: 'C50'
08-04 22:46:02 com_github_MitjaNemec_ReplicateLayout.replicate_layout 990:Src text UUid:e1842439-c20a-45b9-be9a-500f8c125b11
08-04 22:46:02 com_github_MitjaNemec_ReplicateLayout.replicate_layout 991:Dst text UUid:49360286-6a44-46e2-8dc3-b6108c67a413
08-04 22:46:02 com_github_MitjaNemec_ReplicateLayout.replicate_layout 990:Src text UUid:3f4babb0-276c-4798-b2ba-959d2e0a0cc8
08-04 22:46:02 com_github_MitjaNemec_ReplicateLayout.replicate_layout 991:Dst text UUid:3a5bcdb3-d15d-482f-9639-6b60adf1c7d4
08-04 22:46:02 com_github_MitjaNemec_ReplicateLayout.replicate_layout 990:Src text UUid:87d65e99-862c-41d6-8a5d-c8fc08cc1871
08-04 22:46:02 com_github_MitjaNemec_ReplicateLayout.replicate_layout 991:Dst text UUid:fab44647-af82-4e33-80a5-a1fff6d7c0c5
08-04 22:46:02 com_github_MitjaNemec_ReplicateLayout.replicate_layout 888:Replicating footprint: 'C10'
08-04 22:46:02 com_github_MitjaNemec_ReplicateLayout.replicate_layout 835:Src fp.id: '2ADE0A59-D78E-48AA-B7B4-DA664C1ABFB4'
08-04 22:46:02 com_github_MitjaNemec_ReplicateLayout.replicate_layout 839:Dst fp.id: '2ADE0A59-D78E-48AA-B7B4-DA664C1ABFB4'
08-04 22:46:02 com_github_MitjaNemec_ReplicateLayout.replicate_layout 895:found match in dst footprint: 'C49'
08-04 22:46:02 com_github_MitjaNemec_ReplicateLayout.replicate_layout 990:Src text UUid:7f68ac58-b0dc-443d-8993-a5c7028f33b2
08-04 22:46:02 com_github_MitjaNemec_ReplicateLayout.replicate_layout 991:Dst text UUid:a28d03ee-3b80-4f99-8aeb-9015d7757521
08-04 22:46:02 com_github_MitjaNemec_ReplicateLayout.replicate_layout 990:Src text UUid:2b641f52-8ef7-4ff2-8578-180326a94d05
08-04 22:46:02 com_github_MitjaNemec_ReplicateLayout.replicate_layout 991:Dst text UUid:6037cfca-26d8-44d9-8fd3-b3e0747ec7df
08-04 22:46:02 com_github_MitjaNemec_ReplicateLayout.replicate_layout 990:Src text UUid:a755c3fd-43c6-432a-bf68-4b813d0dd3c9
08-04 22:46:02 com_github_MitjaNemec_ReplicateLayout.replicate_layout 991:Dst text UUid:a7bd0f87-7624-4f16-9cb1-1f8c84329e24
08-04 22:46:02 com_github_MitjaNemec_ReplicateLayout.replicate_layout 888:Replicating footprint: 'C9'
08-04 22:46:02 com_github_MitjaNemec_ReplicateLayout.replicate_layout 835:Src fp.id: '820D5341-D2C8-472E-B62B-40C5076E82AD'
08-04 22:46:02 com_github_MitjaNemec_ReplicateLayout.replicate_layout 839:Dst fp.id: '820D5341-D2C8-472E-B62B-40C5076E82AD'
08-04 22:46:02 com_github_MitjaNemec_ReplicateLayout.replicate_layout 895:found match in dst footprint: 'C48'
08-04 22:46:02 com_github_MitjaNemec_ReplicateLayout.replicate_layout 990:Src text UUid:b7ec7ec4-0cec-498e-8ed0-577b9df3d34d
08-04 22:46:02 com_github_MitjaNemec_ReplicateLayout.replicate_layout 991:Dst text UUid:8559bd88-f461-4224-a884-af1a77ffd3a8
08-04 22:46:02 com_github_MitjaNemec_ReplicateLayout.replicate_layout 990:Src text UUid:b492f8c0-ccfa-48fd-bad3-78f83d9ec3eb
08-04 22:46:02 com_github_MitjaNemec_ReplicateLayout.replicate_layout 991:Dst text UUid:93febd79-8016-4ab8-8146-042c0c733416
08-04 22:46:02 com_github_MitjaNemec_ReplicateLayout.replicate_layout 990:Src text UUid:35a13c9d-1818-43a8-b47d-e3a49e28ad12
08-04 22:46:02 com_github_MitjaNemec_ReplicateLayout.replicate_layout 991:Dst text UUid:f2c8dc9d-96a2-46a8-af10-c18c06f2e6a9
08-04 22:46:02 com_github_MitjaNemec_ReplicateLayout.replicate_layout 888:Replicating footprint: 'C8'
08-04 22:46:02 com_github_MitjaNemec_ReplicateLayout.replicate_layout 835:Src fp.id: '4A77366F-76ED-4201-910C-3A41B85070CC'
08-04 22:46:02 com_github_MitjaNemec_ReplicateLayout.replicate_layout 839:Dst fp.id: '4A77366F-76ED-4201-910C-3A41B85070CC'
08-04 22:46:02 com_github_MitjaNemec_ReplicateLayout.replicate_layout 895:found match in dst footprint: 'C47'
08-04 22:46:02 com_github_MitjaNemec_ReplicateLayout.replicate_layout 990:Src text UUid:124c7f99-2d48-40da-a52a-d5a5a37ea095
08-04 22:46:02 com_github_MitjaNemec_ReplicateLayout.replicate_layout 991:Dst text UUid:56616187-d504-478d-bc8f-8c8465ea55cc
08-04 22:46:02 com_github_MitjaNemec_ReplicateLayout.replicate_layout 990:Src text UUid:546c34d2-e306-4467-b2c9-b5e4043fab6a
08-04 22:46:02 com_github_MitjaNemec_ReplicateLayout.replicate_layout 991:Dst text UUid:464b51dd-dfdb-4f80-b403-40033b253cd0
08-04 22:46:02 com_github_MitjaNemec_ReplicateLayout.replicate_layout 990:Src text UUid:bf3b77b5-cc26-44e6-a176-05206f35fdf8
08-04 22:46:02 com_github_MitjaNemec_ReplicateLayout.replicate_layout 991:Dst text UUid:2ad8540c-10a5-4341-870a-ac4e9ee2d6b6
08-04 22:46:02 com_github_MitjaNemec_ReplicateLayout.replicate_layout 888:Replicating footprint: 'C7'
08-04 22:46:02 com_github_MitjaNemec_ReplicateLayout.replicate_layout 835:Src fp.id: '838870C5-59D1-4EB8-AC60-DAE1190CD08F'
08-04 22:46:02 com_github_MitjaNemec_ReplicateLayout.replicate_layout 839:Dst fp.id: '838870C5-59D1-4EB8-AC60-DAE1190CD08F'
08-04 22:46:02 com_github_MitjaNemec_ReplicateLayout.replicate_layout 895:found match in dst footprint: 'C46'
08-04 22:46:02 com_github_MitjaNemec_ReplicateLayout.replicate_layout 990:Src text UUid:d441b1a5-4a5d-4480-92a2-006c4005f388
08-04 22:46:02 com_github_MitjaNemec_ReplicateLayout.replicate_layout 991:Dst text UUid:c27a685a-d9bf-4aa7-b869-86614a1cf244
08-04 22:46:02 com_github_MitjaNemec_ReplicateLayout.replicate_layout 990:Src text UUid:ec9b2886-e009-4e67-9575-0fb76cfc9b83
08-04 22:46:02 com_github_MitjaNemec_ReplicateLayout.replicate_layout 991:Dst text UUid:ea69ee7d-09a4-4b77-aee1-8a0f04a8398a
08-04 22:46:02 com_github_MitjaNemec_ReplicateLayout.replicate_layout 990:Src text UUid:198aca3e-b9df-4f9f-af2b-0605d71e36a6
08-04 22:46:02 com_github_MitjaNemec_ReplicateLayout.replicate_layout 991:Dst text UUid:f6371e70-31e0-4eed-ae77-a335b87c614b
08-04 22:46:02 com_github_MitjaNemec_ReplicateLayout.replicate_layout 888:Replicating footprint: 'C6'
08-04 22:46:02 com_github_MitjaNemec_ReplicateLayout.replicate_layout 835:Src fp.id: '3255D821-8820-4794-B43F-B0D3497D92BE'
08-04 22:46:02 com_github_MitjaNemec_ReplicateLayout.replicate_layout 839:Dst fp.id: '3255D821-8820-4794-B43F-B0D3497D92BE'
08-04 22:46:02 com_github_MitjaNemec_ReplicateLayout.replicate_layout 895:found match in dst footprint: 'C45'
08-04 22:46:02 com_github_MitjaNemec_ReplicateLayout.replicate_layout 990:Src text UUid:e0d7294c-f0ca-4a8a-9b69-405e3bc99312
08-04 22:46:02 com_github_MitjaNemec_ReplicateLayout.replicate_layout 991:Dst text UUid:fd191577-c7a8-4cb4-b564-3e43d00a9191
08-04 22:46:02 com_github_MitjaNemec_ReplicateLayout.replicate_layout 990:Src text UUid:f5a2ea31-510f-4242-9223-2d64d1f30fa6
08-04 22:46:02 com_github_MitjaNemec_ReplicateLayout.replicate_layout 991:Dst text UUid:ad84cbe5-58b8-4d5e-bc24-ea73b13457c5
08-04 22:46:02 com_github_MitjaNemec_ReplicateLayout.replicate_layout 990:Src text UUid:9eaf144d-6307-4a7d-9a0c-11df82757524
08-04 22:46:02 com_github_MitjaNemec_ReplicateLayout.replicate_layout 991:Dst text UUid:3851da15-7fd8-4791-b658-ddcfd163e68d
08-04 22:46:02 com_github_MitjaNemec_ReplicateLayout.replicate_layout 888:Replicating footprint: 'C5'
08-04 22:46:02 com_github_MitjaNemec_ReplicateLayout.replicate_layout 835:Src fp.id: 'EF121F30-1F7E-4155-B26C-C9703888DBC8'
08-04 22:46:02 com_github_MitjaNemec_ReplicateLayout.replicate_layout 839:Dst fp.id: 'EF121F30-1F7E-4155-B26C-C9703888DBC8'
08-04 22:46:02 com_github_MitjaNemec_ReplicateLayout.replicate_layout 895:found match in dst footprint: 'C44'
08-04 22:46:02 com_github_MitjaNemec_ReplicateLayout.replicate_layout 990:Src text UUid:16197acc-d454-494d-9d4f-cddc5d4f7d7e
08-04 22:46:02 com_github_MitjaNemec_ReplicateLayout.replicate_layout 991:Dst text UUid:b3872bde-0793-4a20-aa18-0c961ee1156d
08-04 22:46:02 com_github_MitjaNemec_ReplicateLayout.replicate_layout 990:Src text UUid:2a4f84b2-fbdd-4e98-b830-d432277d952a
08-04 22:46:02 com_github_MitjaNemec_ReplicateLayout.replicate_layout 991:Dst text UUid:ec2e5754-49d5-4718-83e6-84bc554e0c50
08-04 22:46:02 com_github_MitjaNemec_ReplicateLayout.replicate_layout 990:Src text UUid:2246ecee-b93b-4733-805d-c4e2ada431ee
08-04 22:46:02 com_github_MitjaNemec_ReplicateLayout.replicate_layout 991:Dst text UUid:0e6efc50-8a61-45c6-882a-a730ca4b3c1c
08-04 22:46:02 com_github_MitjaNemec_ReplicateLayout.replicate_layout 888:Replicating footprint: 'C3'
08-04 22:46:02 com_github_MitjaNemec_ReplicateLayout.replicate_layout 835:Src fp.id: 'B1C16B8A-7FDA-4C4A-A0E9-F029CEC0B338'
08-04 22:46:02 com_github_MitjaNemec_ReplicateLayout.replicate_layout 839:Dst fp.id: 'B1C16B8A-7FDA-4C4A-A0E9-F029CEC0B338'
08-04 22:46:02 com_github_MitjaNemec_ReplicateLayout.replicate_layout 895:found match in dst footprint: 'C43'
08-04 22:46:02 com_github_MitjaNemec_ReplicateLayout.replicate_layout 990:Src text UUid:0611e685-4a76-4a8e-95dd-94730a4c5524
08-04 22:46:02 com_github_MitjaNemec_ReplicateLayout.replicate_layout 991:Dst text UUid:485f3bec-4631-478d-90da-71b978549df2
08-04 22:46:02 com_github_MitjaNemec_ReplicateLayout.replicate_layout 990:Src text UUid:01de5b0c-0da5-468d-8345-701269262e3b
08-04 22:46:02 com_github_MitjaNemec_ReplicateLayout.replicate_layout 991:Dst text UUid:b2faf0d3-6be2-4bbe-9fa5-6422a29fb3da
08-04 22:46:02 com_github_MitjaNemec_ReplicateLayout.replicate_layout 990:Src text UUid:ef3a7f37-de07-4909-9d8b-cb143e9e33fa
08-04 22:46:02 com_github_MitjaNemec_ReplicateLayout.replicate_layout 991:Dst text UUid:ae0d32e8-e23d-4558-b72c-80a5ab08c201
08-04 22:46:02 com_github_MitjaNemec_ReplicateLayout.replicate_layout 888:Replicating footprint: 'C2'
08-04 22:46:02 com_github_MitjaNemec_ReplicateLayout.replicate_layout 835:Src fp.id: 'AD428CC6-C19C-4F80-B1E7-7A5854C3AD51'
08-04 22:46:02 com_github_MitjaNemec_ReplicateLayout.replicate_layout 839:Dst fp.id: 'AD428CC6-C19C-4F80-B1E7-7A5854C3AD51'
08-04 22:46:02 com_github_MitjaNemec_ReplicateLayout.replicate_layout 895:found match in dst footprint: 'C42'
08-04 22:46:02 com_github_MitjaNemec_ReplicateLayout.replicate_layout 990:Src text UUid:36fcd65e-de74-43c0-942b-a1784c1274f8
08-04 22:46:02 com_github_MitjaNemec_ReplicateLayout.replicate_layout 991:Dst text UUid:d1ac15f2-2a11-476c-af05-e90f5cad136b
08-04 22:46:02 com_github_MitjaNemec_ReplicateLayout.replicate_layout 990:Src text UUid:1ec7d9bc-3a29-43ca-b48b-e4eda6552040
08-04 22:46:02 com_github_MitjaNemec_ReplicateLayout.replicate_layout 991:Dst text UUid:91bccef5-d938-4e08-b875-8f14ac0142d6
08-04 22:46:02 com_github_MitjaNemec_ReplicateLayout.replicate_layout 990:Src text UUid:19be81a4-4920-4f0f-9073-2b0543311167
08-04 22:46:02 com_github_MitjaNemec_ReplicateLayout.replicate_layout 991:Dst text UUid:c0c9f60d-0847-4621-835d-0aeebacc6353
08-04 22:46:02 root 340:updating GUI message: 'Replicating tracks'
08-04 22:46:02 com_github_MitjaNemec_ReplicateLayout.replicate_layout 1014:Replicating tracks
08-04 22:46:02 com_github_MitjaNemec_ReplicateLayout.replicate_layout 1020:Replicating tracks on sheet ['/Gate Driver1/']
08-04 22:46:02 com_github_MitjaNemec_ReplicateLayout.replicate_layout 835:Src fp.id: 'D71DEDCC-E0B3-47A8-9909-1A2E05DDBE8B'
08-04 22:46:02 com_github_MitjaNemec_ReplicateLayout.replicate_layout 839:Dst fp.id: 'D71DEDCC-E0B3-47A8-9909-1A2E05DDBE8B'
08-04 22:46:02 com_github_MitjaNemec_ReplicateLayout.replicate_layout 792:Net pairs for sheet ['/Gate Driver1/'] :[('/Gate Driver/INLA1', '/Gate Driver1/INLA1'), ('/3-Phase H-Bridge/SH_B1', '/3-Phase H-Bridge1/SH_B1'), ('/3-Phase H-Bridge/GH_C1', '/3-Phase H-Bridge1/GH_C1'), ('/Gate Driver/SOA1', '/Gate Driver1/SOA1'), ('unconnected-(U3-NC_SCS_N-Pad32)', 'unconnected-(U5-NC_SCS_N-Pad32)'), ('Net-(U3-VCP)', 'Net-(U5-VCP)'), ('/Gate Driver/INHC1', '/Gate Driver1/INHC1'), ('Net-(U3-CPH)', 'Net-(U5-CPH)'), ('Net-(U3-RT_SD)', 'Net-(U5-RT_SD)'), ('/Gate Driver/INHB1', '/Gate Driver1/INHB1'), ('Net-(U3-FB)', 'Net-(U5-FB)'), ('/3-Phase H-Bridge/SH_A1', '/3-Phase H-Bridge1/SH_A1'), ('unconnected-(U3-IDRIVE_SDI-Pad30)', 'unconnected-(U5-IDRIVE_SDI-Pad30)'), ('Net-(C16-Pad2)', 'Net-(C31-Pad2)'), ('Net-(U3-VIN)', 'Net-(U5-VIN)'), ('/3-Phase H-Bridge/GH_B1', '/3-Phase H-Bridge1/GH_B1'), ('Net-(U3-RCL)', 'Net-(U5-RCL)'), ('/3-Phase H-Bridge/Supply', '/3-Phase H-Bridge/Supply'), ('/3-Phase H-Bridge/SPC1', '/3-Phase H-Bridge1/SPC1'), ('/3-Phase H-Bridge/GL_A1', '/3-Phase H-Bridge1/GL_A1'), ('/3-Phase H-Bridge/SH_C1', '/3-Phase H-Bridge1/SH_C1'), ('unconnected-(U3-ENABLE-Pad33)', 'unconnected-(U5-ENABLE-Pad33)'), ('Net-(U3-VGLS)', 'Net-(U5-VGLS)'), ('/Gate Driver/INLB1', '/Gate Driver1/INLB1'), ('Net-(U3-DVDD)', 'Net-(U5-DVDD)'), ('Net-(U3-SW)', 'Net-(U5-SW)'), ('Net-(U3-BST)', 'Net-(U5-BST)'), ('Net-(U3-VCC)', 'Net-(U5-VCC)'), ('unconnected-(U3-VDS_SCLK-Pad31)', 'unconnected-(U5-VDS_SCLK-Pad31)'), ('/Gate Driver/SOB1', '/Gate Driver1/SOB1'), ('/Gate Driver/INLC1', '/Gate Driver1/INLC1'), ('/3-Phase H-Bridge/GL_C1', '/3-Phase H-Bridge1/GL_C1'), ('VCC', 'VCC'), ('/Gate Driver/SDO1', '/Gate Driver1/SDO1'), ('/3-Phase H-Bridge/SPB1', '/3-Phase H-Bridge1/SPB1'), ('', ''), ('/3-Phase H-Bridge/SPA1', '/3-Phase H-Bridge1/SPA1'), ('GND', 'GND'), ('/Gate Driver/SOC1', '/Gate Driver1/SOC1'), ('/Gate Driver/FAULT1', '/Gate Driver1/FAULT1'), ('/Gate Driver/INHA1', '/Gate Driver1/INHA1'), ('/3-Phase H-Bridge/GL_B1', '/3-Phase H-Bridge1/GL_B1'), ('/3-Phase H-Bridge/GH_A1', '/3-Phase H-Bridge1/GH_A1'), ('Net-(U3-CPL)', 'Net-(U5-CPL)')]
08-04 22:46:02 root 345:updating GUI with: 0
08-04 22:46:02 com_github_MitjaNemec_ReplicateLayout.replicate_layout 1020:Replicating tracks on sheet ['/Gate Driver2/']
08-04 22:46:02 com_github_MitjaNemec_ReplicateLayout.replicate_layout 835:Src fp.id: 'D71DEDCC-E0B3-47A8-9909-1A2E05DDBE8B'
08-04 22:46:02 com_github_MitjaNemec_ReplicateLayout.replicate_layout 839:Dst fp.id: 'D71DEDCC-E0B3-47A8-9909-1A2E05DDBE8B'
08-04 22:46:02 com_github_MitjaNemec_ReplicateLayout.replicate_layout 792:Net pairs for sheet ['/Gate Driver2/'] :[('Net-(U3-VGLS)', 'Net-(U7-VGLS)'), ('/Gate Driver/INHC1', '/Gate Driver2/INHC1'), ('Net-(U3-FB)', 'Net-(U7-FB)'), ('/3-Phase H-Bridge/SH_C1', '/3-Phase H-Bridge2/SH_C1'), ('/3-Phase H-Bridge/GH_A1', '/3-Phase H-Bridge2/GH_A1'), ('/Gate Driver/INLC1', '/Gate Driver2/INLC1'), ('/3-Phase H-Bridge/GL_C1', '/3-Phase H-Bridge2/GL_C1'), ('/3-Phase H-Bridge/SPB1', '/3-Phase H-Bridge2/SPB1'), ('Net-(U3-VCC)', 'Net-(U7-VCC)'), ('/Gate Driver/INLB1', '/Gate Driver2/INLB1'), ('Net-(U3-CPH)', 'Net-(U7-CPH)'), ('/Gate Driver/INLA1', '/Gate Driver2/INLA1'), ('/Gate Driver/INHA1', '/Gate Driver2/INHA1'), ('Net-(U3-BST)', 'Net-(U7-BST)'), ('Net-(U3-RCL)', 'Net-(U7-RCL)'), ('unconnected-(U3-VDS_SCLK-Pad31)', 'unconnected-(U7-VDS_SCLK-Pad31)'), ('/3-Phase H-Bridge/GH_B1', '/3-Phase H-Bridge2/GH_B1'), ('unconnected-(U3-IDRIVE_SDI-Pad30)', 'unconnected-(U7-IDRIVE_SDI-Pad30)'), ('/Gate Driver/INHB1', '/Gate Driver2/INHB1'), ('Net-(U3-SW)', 'Net-(U7-SW)'), ('/3-Phase H-Bridge/SH_A1', '/3-Phase H-Bridge2/SH_A1'), ('/3-Phase H-Bridge/GH_C1', '/3-Phase H-Bridge2/GH_C1'), ('/3-Phase H-Bridge/Supply', '/3-Phase H-Bridge/Supply'), ('/Gate Driver/SOA1', '/Gate Driver2/SOA1'), ('/Gate Driver/SOB1', '/Gate Driver2/SOB1'), ('/3-Phase H-Bridge/SPA1', '/3-Phase H-Bridge2/SPA1'), ('/Gate Driver/SDO1', '/Gate Driver2/SDO1'), ('/3-Phase H-Bridge/GL_B1', '/3-Phase H-Bridge2/GL_B1'), ('Net-(U3-DVDD)', 'Net-(U7-DVDD)'), ('unconnected-(U3-NC_SCS_N-Pad32)', 'unconnected-(U7-NC_SCS_N-Pad32)'), ('Net-(U3-VCP)', 'Net-(U7-VCP)'), ('VCC', 'VCC'), ('Net-(C16-Pad2)', 'Net-(C41-Pad2)'), ('unconnected-(U3-ENABLE-Pad33)', 'unconnected-(U7-ENABLE-Pad33)'), ('/3-Phase H-Bridge/GL_A1', '/3-Phase H-Bridge2/GL_A1'), ('', ''), ('/Gate Driver/SOC1', '/Gate Driver2/SOC1'), ('Net-(U3-CPL)', 'Net-(U7-CPL)'), ('GND', 'GND'), ('Net-(U3-VIN)', 'Net-(U7-VIN)'), ('Net-(U3-RT_SD)', 'Net-(U7-RT_SD)'), ('/Gate Driver/FAULT1', '/Gate Driver2/FAULT1'), ('/3-Phase H-Bridge/SPC1', '/3-Phase H-Bridge2/SPC1'), ('/3-Phase H-Bridge/SH_B1', '/3-Phase H-Bridge2/SH_B1')]
08-04 22:46:02 com_github_MitjaNemec_ReplicateLayout.replicate_layout 1020:Replicating tracks on sheet ['/Gate Driver3/']
08-04 22:46:02 com_github_MitjaNemec_ReplicateLayout.replicate_layout 835:Src fp.id: 'D71DEDCC-E0B3-47A8-9909-1A2E05DDBE8B'
08-04 22:46:02 com_github_MitjaNemec_ReplicateLayout.replicate_layout 839:Dst fp.id: 'D71DEDCC-E0B3-47A8-9909-1A2E05DDBE8B'
08-04 22:46:02 com_github_MitjaNemec_ReplicateLayout.replicate_layout 792:Net pairs for sheet ['/Gate Driver3/'] :[('/3-Phase H-Bridge/SPB1', '/3-Phase H-Bridge3/SPB1'), ('unconnected-(U3-VDS_SCLK-Pad31)', 'unconnected-(U8-VDS_SCLK-Pad31)'), ('Net-(U3-VGLS)', 'Net-(U8-VGLS)'), ('/3-Phase H-Bridge/SH_A1', '/3-Phase H-Bridge3/SH_A1'), ('/3-Phase H-Bridge/SH_B1', '/3-Phase H-Bridge3/SH_B1'), ('/3-Phase H-Bridge/SH_C1', '/3-Phase H-Bridge3/SH_C1'), ('/Gate Driver/INHA1', '/Gate Driver3/INHA1'), ('Net-(U3-VCC)', 'Net-(U8-VCC)'), ('/3-Phase H-Bridge/GH_C1', '/3-Phase H-Bridge3/GH_C1'), ('Net-(U3-RT_SD)', 'Net-(U8-RT_SD)'), ('Net-(U3-VCP)', 'Net-(U8-VCP)'), ('/Gate Driver/FAULT1', '/Gate Driver3/FAULT1'), ('/Gate Driver/INLA1', '/Gate Driver3/INLA1'), ('Net-(U3-RCL)', 'Net-(U8-RCL)'), ('/Gate Driver/INHC1', '/Gate Driver3/INHC1'), ('Net-(U3-BST)', 'Net-(U8-BST)'), ('/3-Phase H-Bridge/GL_C1', '/3-Phase H-Bridge3/GL_C1'), ('Net-(U3-DVDD)', 'Net-(U8-DVDD)'), ('/Gate Driver/SOA1', '/Gate Driver3/SOA1'), ('/Gate Driver/INHB1', '/Gate Driver3/INHB1'), ('/3-Phase H-Bridge/GL_B1', '/3-Phase H-Bridge3/GL_B1'), ('unconnected-(U3-ENABLE-Pad33)', 'unconnected-(U8-ENABLE-Pad33)'), ('Net-(U3-FB)', 'Net-(U8-FB)'), ('/3-Phase H-Bridge/Supply', '/3-Phase H-Bridge/Supply'), ('/3-Phase H-Bridge/GL_A1', '/3-Phase H-Bridge3/GL_A1'), ('Net-(U3-CPH)', 'Net-(U8-CPH)'), ('/Gate Driver/INLC1', '/Gate Driver3/INLC1'), ('/3-Phase H-Bridge/SPC1', '/3-Phase H-Bridge3/SPC1'), ('Net-(U3-CPL)', 'Net-(U8-CPL)'), ('/Gate Driver/INLB1', '/Gate Driver3/INLB1'), ('/3-Phase H-Bridge/GH_A1', '/3-Phase H-Bridge3/GH_A1'), ('/3-Phase H-Bridge/SPA1', '/3-Phase H-Bridge3/SPA1'), ('VCC', 'VCC'), ('unconnected-(U3-IDRIVE_SDI-Pad30)', 'unconnected-(U8-IDRIVE_SDI-Pad30)'), ('/Gate Driver/SDO1', '/Gate Driver3/SDO1'), ('unconnected-(U3-NC_SCS_N-Pad32)', 'unconnected-(U8-NC_SCS_N-Pad32)'), ('', ''), ('Net-(C16-Pad2)', 'Net-(C51-Pad2)'), ('Net-(U3-VIN)', 'Net-(U8-VIN)'), ('GND', 'GND'), ('Net-(U3-SW)', 'Net-(U8-SW)'), ('/Gate Driver/SOB1', '/Gate Driver3/SOB1'), ('/3-Phase H-Bridge/GH_B1', '/3-Phase H-Bridge3/GH_B1'), ('/Gate Driver/SOC1', '/Gate Driver3/SOC1')]
08-04 22:46:02 root 340:updating GUI message: 'Replicating zones'
08-04 22:46:02 com_github_MitjaNemec_ReplicateLayout.replicate_layout 1084:Replicating zones
08-04 22:46:02 com_github_MitjaNemec_ReplicateLayout.replicate_layout 1091:Replicating zones on sheet ['/Gate Driver1/']
08-04 22:46:02 com_github_MitjaNemec_ReplicateLayout.replicate_layout 835:Src fp.id: 'D71DEDCC-E0B3-47A8-9909-1A2E05DDBE8B'
08-04 22:46:02 com_github_MitjaNemec_ReplicateLayout.replicate_layout 839:Dst fp.id: 'D71DEDCC-E0B3-47A8-9909-1A2E05DDBE8B'
08-04 22:46:02 com_github_MitjaNemec_ReplicateLayout.replicate_layout 792:Net pairs for sheet ['/Gate Driver1/'] :[('/Gate Driver/INLA1', '/Gate Driver1/INLA1'), ('/3-Phase H-Bridge/SH_B1', '/3-Phase H-Bridge1/SH_B1'), ('/3-Phase H-Bridge/GH_C1', '/3-Phase H-Bridge1/GH_C1'), ('/Gate Driver/SOA1', '/Gate Driver1/SOA1'), ('unconnected-(U3-NC_SCS_N-Pad32)', 'unconnected-(U5-NC_SCS_N-Pad32)'), ('Net-(U3-VCP)', 'Net-(U5-VCP)'), ('/Gate Driver/INHC1', '/Gate Driver1/INHC1'), ('Net-(U3-CPH)', 'Net-(U5-CPH)'), ('Net-(U3-RT_SD)', 'Net-(U5-RT_SD)'), ('/Gate Driver/INHB1', '/Gate Driver1/INHB1'), ('Net-(U3-FB)', 'Net-(U5-FB)'), ('/3-Phase H-Bridge/SH_A1', '/3-Phase H-Bridge1/SH_A1'), ('unconnected-(U3-IDRIVE_SDI-Pad30)', 'unconnected-(U5-IDRIVE_SDI-Pad30)'), ('Net-(C16-Pad2)', 'Net-(C31-Pad2)'), ('Net-(U3-VIN)', 'Net-(U5-VIN)'), ('/3-Phase H-Bridge/GH_B1', '/3-Phase H-Bridge1/GH_B1'), ('Net-(U3-RCL)', 'Net-(U5-RCL)'), ('/3-Phase H-Bridge/Supply', '/3-Phase H-Bridge/Supply'), ('/3-Phase H-Bridge/SPC1', '/3-Phase H-Bridge1/SPC1'), ('/3-Phase H-Bridge/GL_A1', '/3-Phase H-Bridge1/GL_A1'), ('/3-Phase H-Bridge/SH_C1', '/3-Phase H-Bridge1/SH_C1'), ('unconnected-(U3-ENABLE-Pad33)', 'unconnected-(U5-ENABLE-Pad33)'), ('Net-(U3-VGLS)', 'Net-(U5-VGLS)'), ('/Gate Driver/INLB1', '/Gate Driver1/INLB1'), ('Net-(U3-DVDD)', 'Net-(U5-DVDD)'), ('Net-(U3-SW)', 'Net-(U5-SW)'), ('Net-(U3-BST)', 'Net-(U5-BST)'), ('Net-(U3-VCC)', 'Net-(U5-VCC)'), ('unconnected-(U3-VDS_SCLK-Pad31)', 'unconnected-(U5-VDS_SCLK-Pad31)'), ('/Gate Driver/SOB1', '/Gate Driver1/SOB1'), ('/Gate Driver/INLC1', '/Gate Driver1/INLC1'), ('/3-Phase H-Bridge/GL_C1', '/3-Phase H-Bridge1/GL_C1'), ('VCC', 'VCC'), ('/Gate Driver/SDO1', '/Gate Driver1/SDO1'), ('/3-Phase H-Bridge/SPB1', '/3-Phase H-Bridge1/SPB1'), ('', ''), ('/3-Phase H-Bridge/SPA1', '/3-Phase H-Bridge1/SPA1'), ('GND', 'GND'), ('/Gate Driver/SOC1', '/Gate Driver1/SOC1'), ('/Gate Driver/FAULT1', '/Gate Driver1/FAULT1'), ('/Gate Driver/INHA1', '/Gate Driver1/INHA1'), ('/3-Phase H-Bridge/GL_B1', '/3-Phase H-Bridge1/GL_B1'), ('/3-Phase H-Bridge/GH_A1', '/3-Phase H-Bridge1/GH_A1'), ('Net-(U3-CPL)', 'Net-(U5-CPL)')]
08-04 22:46:02 com_github_MitjaNemec_ReplicateLayout.replicate_layout 1091:Replicating zones on sheet ['/Gate Driver2/']
08-04 22:46:02 com_github_MitjaNemec_ReplicateLayout.replicate_layout 835:Src fp.id: 'D71DEDCC-E0B3-47A8-9909-1A2E05DDBE8B'
08-04 22:46:02 com_github_MitjaNemec_ReplicateLayout.replicate_layout 839:Dst fp.id: 'D71DEDCC-E0B3-47A8-9909-1A2E05DDBE8B'
08-04 22:46:02 com_github_MitjaNemec_ReplicateLayout.replicate_layout 792:Net pairs for sheet ['/Gate Driver2/'] :[('Net-(U3-VGLS)', 'Net-(U7-VGLS)'), ('/Gate Driver/INHC1', '/Gate Driver2/INHC1'), ('Net-(U3-FB)', 'Net-(U7-FB)'), ('/3-Phase H-Bridge/SH_C1', '/3-Phase H-Bridge2/SH_C1'), ('/3-Phase H-Bridge/GH_A1', '/3-Phase H-Bridge2/GH_A1'), ('/Gate Driver/INLC1', '/Gate Driver2/INLC1'), ('/3-Phase H-Bridge/GL_C1', '/3-Phase H-Bridge2/GL_C1'), ('/3-Phase H-Bridge/SPB1', '/3-Phase H-Bridge2/SPB1'), ('Net-(U3-VCC)', 'Net-(U7-VCC)'), ('/Gate Driver/INLB1', '/Gate Driver2/INLB1'), ('Net-(U3-CPH)', 'Net-(U7-CPH)'), ('/Gate Driver/INLA1', '/Gate Driver2/INLA1'), ('/Gate Driver/INHA1', '/Gate Driver2/INHA1'), ('Net-(U3-BST)', 'Net-(U7-BST)'), ('Net-(U3-RCL)', 'Net-(U7-RCL)'), ('unconnected-(U3-VDS_SCLK-Pad31)', 'unconnected-(U7-VDS_SCLK-Pad31)'), ('/3-Phase H-Bridge/GH_B1', '/3-Phase H-Bridge2/GH_B1'), ('unconnected-(U3-IDRIVE_SDI-Pad30)', 'unconnected-(U7-IDRIVE_SDI-Pad30)'), ('/Gate Driver/INHB1', '/Gate Driver2/INHB1'), ('Net-(U3-SW)', 'Net-(U7-SW)'), ('/3-Phase H-Bridge/SH_A1', '/3-Phase H-Bridge2/SH_A1'), ('/3-Phase H-Bridge/GH_C1', '/3-Phase H-Bridge2/GH_C1'), ('/3-Phase H-Bridge/Supply', '/3-Phase H-Bridge/Supply'), ('/Gate Driver/SOA1', '/Gate Driver2/SOA1'), ('/Gate Driver/SOB1', '/Gate Driver2/SOB1'), ('/3-Phase H-Bridge/SPA1', '/3-Phase H-Bridge2/SPA1'), ('/Gate Driver/SDO1', '/Gate Driver2/SDO1'), ('/3-Phase H-Bridge/GL_B1', '/3-Phase H-Bridge2/GL_B1'), ('Net-(U3-DVDD)', 'Net-(U7-DVDD)'), ('unconnected-(U3-NC_SCS_N-Pad32)', 'unconnected-(U7-NC_SCS_N-Pad32)'), ('Net-(U3-VCP)', 'Net-(U7-VCP)'), ('VCC', 'VCC'), ('Net-(C16-Pad2)', 'Net-(C41-Pad2)'), ('unconnected-(U3-ENABLE-Pad33)', 'unconnected-(U7-ENABLE-Pad33)'), ('/3-Phase H-Bridge/GL_A1', '/3-Phase H-Bridge2/GL_A1'), ('', ''), ('/Gate Driver/SOC1', '/Gate Driver2/SOC1'), ('Net-(U3-CPL)', 'Net-(U7-CPL)'), ('GND', 'GND'), ('Net-(U3-VIN)', 'Net-(U7-VIN)'), ('Net-(U3-RT_SD)', 'Net-(U7-RT_SD)'), ('/Gate Driver/FAULT1', '/Gate Driver2/FAULT1'), ('/3-Phase H-Bridge/SPC1', '/3-Phase H-Bridge2/SPC1'), ('/3-Phase H-Bridge/SH_B1', '/3-Phase H-Bridge2/SH_B1')]
08-04 22:46:02 root 345:updating GUI with: 66
08-04 22:46:02 com_github_MitjaNemec_ReplicateLayout.replicate_layout 1091:Replicating zones on sheet ['/Gate Driver3/']
08-04 22:46:02 com_github_MitjaNemec_ReplicateLayout.replicate_layout 835:Src fp.id: 'D71DEDCC-E0B3-47A8-9909-1A2E05DDBE8B'
08-04 22:46:02 com_github_MitjaNemec_ReplicateLayout.replicate_layout 839:Dst fp.id: 'D71DEDCC-E0B3-47A8-9909-1A2E05DDBE8B'
08-04 22:46:02 com_github_MitjaNemec_ReplicateLayout.replicate_layout 792:Net pairs for sheet ['/Gate Driver3/'] :[('/3-Phase H-Bridge/SPB1', '/3-Phase H-Bridge3/SPB1'), ('unconnected-(U3-VDS_SCLK-Pad31)', 'unconnected-(U8-VDS_SCLK-Pad31)'), ('Net-(U3-VGLS)', 'Net-(U8-VGLS)'), ('/3-Phase H-Bridge/SH_A1', '/3-Phase H-Bridge3/SH_A1'), ('/3-Phase H-Bridge/SH_B1', '/3-Phase H-Bridge3/SH_B1'), ('/3-Phase H-Bridge/SH_C1', '/3-Phase H-Bridge3/SH_C1'), ('/Gate Driver/INHA1', '/Gate Driver3/INHA1'), ('Net-(U3-VCC)', 'Net-(U8-VCC)'), ('/3-Phase H-Bridge/GH_C1', '/3-Phase H-Bridge3/GH_C1'), ('Net-(U3-RT_SD)', 'Net-(U8-RT_SD)'), ('Net-(U3-VCP)', 'Net-(U8-VCP)'), ('/Gate Driver/FAULT1', '/Gate Driver3/FAULT1'), ('/Gate Driver/INLA1', '/Gate Driver3/INLA1'), ('Net-(U3-RCL)', 'Net-(U8-RCL)'), ('/Gate Driver/INHC1', '/Gate Driver3/INHC1'), ('Net-(U3-BST)', 'Net-(U8-BST)'), ('/3-Phase H-Bridge/GL_C1', '/3-Phase H-Bridge3/GL_C1'), ('Net-(U3-DVDD)', 'Net-(U8-DVDD)'), ('/Gate Driver/SOA1', '/Gate Driver3/SOA1'), ('/Gate Driver/INHB1', '/Gate Driver3/INHB1'), ('/3-Phase H-Bridge/GL_B1', '/3-Phase H-Bridge3/GL_B1'), ('unconnected-(U3-ENABLE-Pad33)', 'unconnected-(U8-ENABLE-Pad33)'), ('Net-(U3-FB)', 'Net-(U8-FB)'), ('/3-Phase H-Bridge/Supply', '/3-Phase H-Bridge/Supply'), ('/3-Phase H-Bridge/GL_A1', '/3-Phase H-Bridge3/GL_A1'), ('Net-(U3-CPH)', 'Net-(U8-CPH)'), ('/Gate Driver/INLC1', '/Gate Driver3/INLC1'), ('/3-Phase H-Bridge/SPC1', '/3-Phase H-Bridge3/SPC1'), ('Net-(U3-CPL)', 'Net-(U8-CPL)'), ('/Gate Driver/INLB1', '/Gate Driver3/INLB1'), ('/3-Phase H-Bridge/GH_A1', '/3-Phase H-Bridge3/GH_A1'), ('/3-Phase H-Bridge/SPA1', '/3-Phase H-Bridge3/SPA1'), ('VCC', 'VCC'), ('unconnected-(U3-IDRIVE_SDI-Pad30)', 'unconnected-(U8-IDRIVE_SDI-Pad30)'), ('/Gate Driver/SDO1', '/Gate Driver3/SDO1'), ('unconnected-(U3-NC_SCS_N-Pad32)', 'unconnected-(U8-NC_SCS_N-Pad32)'), ('', ''), ('Net-(C16-Pad2)', 'Net-(C51-Pad2)'), ('Net-(U3-VIN)', 'Net-(U8-VIN)'), ('GND', 'GND'), ('Net-(U3-SW)', 'Net-(U8-SW)'), ('/Gate Driver/SOB1', '/Gate Driver3/SOB1'), ('/3-Phase H-Bridge/GH_B1', '/3-Phase H-Bridge3/GH_B1'), ('/Gate Driver/SOC1', '/Gate Driver3/SOC1')]
08-04 22:46:02 root 340:updating GUI message: 'Replicating text'
08-04 22:46:02 com_github_MitjaNemec_ReplicateLayout.replicate_layout 1173:Replicating text
08-04 22:46:02 com_github_MitjaNemec_ReplicateLayout.replicate_layout 1180:Replicating text on sheet ['/Gate Driver1/']
08-04 22:46:02 com_github_MitjaNemec_ReplicateLayout.replicate_layout 835:Src fp.id: 'D71DEDCC-E0B3-47A8-9909-1A2E05DDBE8B'
08-04 22:46:02 com_github_MitjaNemec_ReplicateLayout.replicate_layout 839:Dst fp.id: 'D71DEDCC-E0B3-47A8-9909-1A2E05DDBE8B'
08-04 22:46:02 com_github_MitjaNemec_ReplicateLayout.replicate_layout 1180:Replicating text on sheet ['/Gate Driver2/']
08-04 22:46:02 com_github_MitjaNemec_ReplicateLayout.replicate_layout 835:Src fp.id: 'D71DEDCC-E0B3-47A8-9909-1A2E05DDBE8B'
08-04 22:46:02 com_github_MitjaNemec_ReplicateLayout.replicate_layout 839:Dst fp.id: 'D71DEDCC-E0B3-47A8-9909-1A2E05DDBE8B'
08-04 22:46:02 com_github_MitjaNemec_ReplicateLayout.replicate_layout 1180:Replicating text on sheet ['/Gate Driver3/']
08-04 22:46:02 com_github_MitjaNemec_ReplicateLayout.replicate_layout 835:Src fp.id: 'D71DEDCC-E0B3-47A8-9909-1A2E05DDBE8B'
08-04 22:46:02 com_github_MitjaNemec_ReplicateLayout.replicate_layout 839:Dst fp.id: 'D71DEDCC-E0B3-47A8-9909-1A2E05DDBE8B'
08-04 22:46:02 root 340:updating GUI message: 'Replicating drawings'
08-04 22:46:02 com_github_MitjaNemec_ReplicateLayout.replicate_layout 1224:Replicating drawings
08-04 22:46:02 com_github_MitjaNemec_ReplicateLayout.replicate_layout 1230:Replicating drawings on sheet ['/Gate Driver1/']
08-04 22:46:02 com_github_MitjaNemec_ReplicateLayout.replicate_layout 835:Src fp.id: 'D71DEDCC-E0B3-47A8-9909-1A2E05DDBE8B'
08-04 22:46:02 com_github_MitjaNemec_ReplicateLayout.replicate_layout 839:Dst fp.id: 'D71DEDCC-E0B3-47A8-9909-1A2E05DDBE8B'
08-04 22:46:02 com_github_MitjaNemec_ReplicateLayout.replicate_layout 1230:Replicating drawings on sheet ['/Gate Driver2/']
08-04 22:46:02 com_github_MitjaNemec_ReplicateLayout.replicate_layout 835:Src fp.id: 'D71DEDCC-E0B3-47A8-9909-1A2E05DDBE8B'
08-04 22:46:02 com_github_MitjaNemec_ReplicateLayout.replicate_layout 839:Dst fp.id: 'D71DEDCC-E0B3-47A8-9909-1A2E05DDBE8B'
08-04 22:46:02 com_github_MitjaNemec_ReplicateLayout.replicate_layout 1230:Replicating drawings on sheet ['/Gate Driver3/']
08-04 22:46:02 com_github_MitjaNemec_ReplicateLayout.replicate_layout 835:Src fp.id: 'D71DEDCC-E0B3-47A8-9909-1A2E05DDBE8B'
08-04 22:46:02 com_github_MitjaNemec_ReplicateLayout.replicate_layout 839:Dst fp.id: 'D71DEDCC-E0B3-47A8-9909-1A2E05DDBE8B'
08-04 22:46:03 com_github_MitjaNemec_ReplicateLayout.action_replicate_layout 264:Replication complete
